#
# There is insufficient memory for the Java Runtime Environment to continue.
# Native memory allocation (mmap) failed to map 112197632 bytes for committing reserved memory.
# Possible reasons:
#   The system is out of physical RAM or swap space
#   In 32 bit mode, the process size limit was hit
# Possible solutions:
#   Reduce memory load on the system
#   Increase physical memory or swap space
#   Check if swap backing store is full
#   Use 64 bit Java on a 64 bit OS
#   Decrease Java heap size (-Xmx/-Xms)
#   Decrease number of Java threads
#   Decrease Java thread stack sizes (-Xss)
#   Set larger code cache with -XX:ReservedCodeCacheSize=
# This output file may be truncated or incomplete.
#
#  Out of Memory Error (os_linux.cpp:2671), pid=13271, tid=140001056601856
#
# JRE version: Java(TM) SE Runtime Environment (8.0_25-b17) (build 1.8.0_25-b17)
# Java VM: Java HotSpot(TM) 64-Bit Server VM (25.25-b02 mixed mode linux-amd64 compressed oops)
# Failed to write core dump. Core dumps have been disabled. To enable core dumping, try "ulimit -c unlimited" before starting Java again
#

---------------  T H R E A D  ---------------

Current thread (0x00007f54a0139000):  VMThread [stack: 0x00007f54892f3000,0x00007f54893f4000] [id=13284]

Stack: [0x00007f54892f3000,0x00007f54893f4000],  sp=0x00007f54893f21c0,  free space=1020k
Native frames: (J=compiled Java code, j=interpreted, Vv=VM code, C=native code)
V  [libjvm.so+0xa7923a]  VMError::report_and_die()+0x2ca
V  [libjvm.so+0x4e552b]  report_vm_out_of_memory(char const*, int, unsigned long, VMErrorType, char const*)+0x8b
V  [libjvm.so+0x8e5613]  os::Linux::commit_memory_impl(char*, unsigned long, bool)+0x103
V  [libjvm.so+0x8e5b69]  os::pd_commit_memory(char*, unsigned long, unsigned long, bool)+0x29
V  [libjvm.so+0x8df83a]  os::commit_memory(char*, unsigned long, unsigned long, bool)+0x2a
V  [libjvm.so+0x94f923]  PSVirtualSpace::expand_by(unsigned long)+0x53
V  [libjvm.so+0x940640]  PSOldGen::expand(unsigned long)+0x170
V  [libjvm.so+0x94084b]  PSOldGen::resize(unsigned long)+0x1cb
V  [libjvm.so+0x948441]  PSParallelCompact::invoke_no_policy(bool)+0x9d1
V  [libjvm.so+0x94da4d]  PSScavenge::invoke()+0x1ad
V  [libjvm.so+0x907800]  ParallelScavengeHeap::failed_mem_allocate(unsigned long)+0x70
V  [libjvm.so+0xa7a8b7]  VM_ParallelGCFailedAllocation::doit()+0x97
V  [libjvm.so+0xa81fd5]  VM_Operation::evaluate()+0x55
V  [libjvm.so+0xa803aa]  VMThread::evaluate_operation(VM_Operation*)+0xba
V  [libjvm.so+0xa8072e]  VMThread::loop()+0x1ce
V  [libjvm.so+0xa80ba0]  VMThread::run()+0x70
V  [libjvm.so+0x8e7d48]  java_start(Thread*)+0x108

VM_Operation (0x00007f54a56e5b10): ParallelGCFailedAllocation, mode: safepoint, requested by thread 0x00007f54a0009000


---------------  P R O C E S S  ---------------

Java Threads: ( => current thread )
  0x00007f54a0196800 JavaThread "Service Thread" daemon [_thread_blocked, id=13291, stack(0x00007f5488ced000,0x00007f5488dee000)]
  0x00007f54a0176800 JavaThread "C1 CompilerThread2" daemon [_thread_blocked, id=13290, stack(0x00007f5488dee000,0x00007f5488eef000)]
  0x00007f54a0174800 JavaThread "C2 CompilerThread1" daemon [_thread_blocked, id=13289, stack(0x00007f5488eef000,0x00007f5488ff0000)]
  0x00007f54a0171800 JavaThread "C2 CompilerThread0" daemon [_thread_blocked, id=13288, stack(0x00007f5488ff0000,0x00007f54890f1000)]
  0x00007f54a016f800 JavaThread "Signal Dispatcher" daemon [_thread_blocked, id=13287, stack(0x00007f54890f1000,0x00007f54891f2000)]
  0x00007f54a0142800 JavaThread "Finalizer" daemon [_thread_blocked, id=13286, stack(0x00007f54891f2000,0x00007f54892f3000)]
  0x00007f54a0140800 JavaThread "Reference Handler" daemon [_thread_blocked, id=13285, stack(0x00007f54a401c000,0x00007f54a411d000)]
  0x00007f54a0009000 JavaThread "main" [_thread_blocked, id=13279, stack(0x00007f54a55e7000,0x00007f54a56e8000)]

Other Threads:
=>0x00007f54a0139000 VMThread [stack: 0x00007f54892f3000,0x00007f54893f4000] [id=13284]
  0x00007f54a01a0800 WatcherThread [stack: 0x00007f5488bec000,0x00007f5488ced000] [id=13292]

VM state:at safepoint (normal execution)

VM Mutex/Monitor currently owned by a thread:  ([mutex/lock_event])
[0x00007f54a0006000] ExpandHeap_lock - owner thread: 0x00007f54a0139000
[0x00007f54a0006680] Threads_lock - owner thread: 0x00007f54a0139000
[0x00007f54a0006b80] Heap_lock - owner thread: 0x00007f54a0009000

Heap:
 PSYoungGen      total 171520K, used 60707K [0x00000000eab00000, 0x00000000fd980000, 0x0000000100000000)
  eden space 60928K, 0% used [0x00000000eab00000,0x00000000eab00000,0x00000000ee680000)
  from space 110592K, 54% used [0x00000000ee680000,0x00000000f21c8cb8,0x00000000f5280000)
  to   space 114688K, 0% used [0x00000000f6980000,0x00000000f6980000,0x00000000fd980000)
 ParOldGen       total 202752K, used 202245K [0x00000000c0000000, 0x00000000cc600000, 0x00000000eab00000)
  object space 202752K, 99% used [0x00000000c0000000,0x00000000cc581428,0x00000000cc600000)
 Metaspace       used 5225K, capacity 6544K, committed 6784K, reserved 1056768K
  class space    used 499K, capacity 584K, committed 640K, reserved 1048576K

Card table byte_map: [0x00007f54a4597000,0x00007f54a4798000] byte_map_base: 0x00007f54a3f97000

Marking Bits: (ParMarkBitMap*) 0x00007f54a694a2c0
 Begin Bits: [0x00007f548a000000, 0x00007f548b000000)
 End Bits:   [0x00007f548b000000, 0x00007f548c000000)

Polling page: 0x00007f54a758b000

CodeCache: size=245760Kb used=6859Kb max_used=6871Kb free=238900Kb
 bounds [0x00007f5491000000, 0x00007f54916c0000, 0x00007f54a0000000]
 total_blobs=1648 nmethods=1392 adapters=172
 compilation: enabled

Compilation events (10 events):
Event: 10.192 Thread 0x00007f54a0174800 nmethod 1339 0x00007f549167dbd0 code [0x00007f549167dd20, 0x00007f549167de78]
Event: 10.192 Thread 0x00007f54a0174800 1373       4       com.android.dx.rop.cst.CstBaseMethodRef::getPrototype (41 bytes)
Event: 10.194 Thread 0x00007f54a0174800 nmethod 1373 0x00007f5491682b10 code [0x00007f5491682c60, 0x00007f5491682d48]
Event: 10.194 Thread 0x00007f54a0174800 1360       4       com.android.dx.cf.code.Simulator$SimVisitor::visitConstant (332 bytes)
Event: 10.313 Thread 0x00007f54a0174800 nmethod 1360 0x00007f54916b8710 code [0x00007f54916b8d60, 0x00007f54916bba58]
Event: 10.313 Thread 0x00007f54a0174800 1434       4       com.android.dx.rop.code.RegisterSpecList::withFirst (64 bytes)
Event: 10.321 Thread 0x00007f54a0174800 nmethod 1434 0x00007f5491680a50 code [0x00007f5491680bc0, 0x00007f5491680e98]
Event: 10.321 Thread 0x00007f54a0174800 1439       4       com.android.dx.cf.code.Simulator$SimVisitor::visitNoArgs (2108 bytes)
Event: 10.425 Thread 0x00007f54a0176800 1441       1       com.android.dx.rop.cst.CstType::getType (4 bytes)
Event: 10.425 Thread 0x00007f54a0176800 nmethod 1441 0x00007f549165e790 code [0x00007f549165e8e0, 0x00007f549165e9f0]

GC Heap History (10 events):
Event: 7.829 GC heap after
Heap after GC invocations=12 (full 3):
 PSYoungGen      total 113664K, used 33358K [0x00000000eab00000, 0x00000000f7400000, 0x0000000100000000)
  eden space 55808K, 0% used [0x00000000eab00000,0x00000000eab00000,0x00000000ee180000)
  from space 57856K, 57% used [0x00000000ee180000,0x00000000f02139d0,0x00000000f1a00000)
  to   space 67584K, 0% used [0x00000000f3200000,0x00000000f3200000,0x00000000f7400000)
 ParOldGen       total 202752K, used 122132K [0x00000000c0000000, 0x00000000cc600000, 0x00000000eab00000)
  object space 202752K, 60% used [0x00000000c0000000,0x00000000c7745008,0x00000000cc600000)
 Metaspace       used 5218K, capacity 6544K, committed 6784K, reserved 1056768K
  class space    used 498K, capacity 584K, committed 640K, reserved 1048576K
}
Event: 8.352 GC heap before
{Heap before GC invocations=13 (full 3):
 PSYoungGen      total 113664K, used 89166K [0x00000000eab00000, 0x00000000f7400000, 0x0000000100000000)
  eden space 55808K, 100% used [0x00000000eab00000,0x00000000ee180000,0x00000000ee180000)
  from space 57856K, 57% used [0x00000000ee180000,0x00000000f02139d0,0x00000000f1a00000)
  to   space 67584K, 0% used [0x00000000f3200000,0x00000000f3200000,0x00000000f7400000)
 ParOldGen       total 202752K, used 122132K [0x00000000c0000000, 0x00000000cc600000, 0x00000000eab00000)
  object space 202752K, 60% used [0x00000000c0000000,0x00000000c7745008,0x00000000cc600000)
 Metaspace       used 5219K, capacity 6544K, committed 6784K, reserved 1056768K
  class space    used 498K, capacity 584K, committed 640K, reserved 1048576K
Event: 8.544 GC heap after
Heap after GC invocations=13 (full 3):
 PSYoungGen      total 131072K, used 58459K [0x00000000eab00000, 0x00000000f8080000, 0x0000000100000000)
  eden space 63488K, 0% used [0x00000000eab00000,0x00000000eab00000,0x00000000ee900000)
  from space 67584K, 86% used [0x00000000f3200000,0x00000000f6b16d48,0x00000000f7400000)
  to   space 74752K, 0% used [0x00000000ee900000,0x00000000ee900000,0x00000000f3200000)
 ParOldGen       total 202752K, used 122140K [0x00000000c0000000, 0x00000000cc600000, 0x00000000eab00000)
  object space 202752K, 60% used [0x00000000c0000000,0x00000000c7747008,0x00000000cc600000)
 Metaspace       used 5219K, capacity 6544K, committed 6784K, reserved 1056768K
  class space    used 498K, capacity 584K, committed 640K, reserved 1048576K
}
Event: 9.071 GC heap before
{Heap before GC invocations=14 (full 3):
 PSYoungGen      total 131072K, used 121947K [0x00000000eab00000, 0x00000000f8080000, 0x0000000100000000)
  eden space 63488K, 100% used [0x00000000eab00000,0x00000000ee900000,0x00000000ee900000)
  from space 67584K, 86% used [0x00000000f3200000,0x00000000f6b16d48,0x00000000f7400000)
  to   space 74752K, 0% used [0x00000000ee900000,0x00000000ee900000,0x00000000f3200000)
 ParOldGen       total 202752K, used 122140K [0x00000000c0000000, 0x00000000cc600000, 0x00000000eab00000)
  object space 202752K, 60% used [0x00000000c0000000,0x00000000c7747008,0x00000000cc600000)
 Metaspace       used 5223K, capacity 6544K, committed 6784K, reserved 1056768K
  class space    used 498K, capacity 584K, committed 640K, reserved 1048576K
Event: 9.271 GC heap after
Heap after GC invocations=14 (full 3):
 PSYoungGen      total 138240K, used 74727K [0x00000000eab00000, 0x00000000fab80000, 0x0000000100000000)
  eden space 63488K, 0% used [0x00000000eab00000,0x00000000eab00000,0x00000000ee900000)
  from space 74752K, 99% used [0x00000000ee900000,0x00000000f31f9de0,0x00000000f3200000)
  to   space 91136K, 0% used [0x00000000f5280000,0x00000000f5280000,0x00000000fab80000)
 ParOldGen       total 202752K, used 134291K [0x00000000c0000000, 0x00000000cc600000, 0x00000000eab00000)
  object space 202752K, 66% used [0x00000000c0000000,0x00000000c8324fc8,0x00000000cc600000)
 Metaspace       used 5223K, capacity 6544K, committed 6784K, reserved 1056768K
  class space    used 498K, capacity 584K, committed 640K, reserved 1048576K
}
Event: 9.699 GC heap before
{Heap before GC invocations=15 (full 3):
 PSYoungGen      total 138240K, used 138215K [0x00000000eab00000, 0x00000000fab80000, 0x0000000100000000)
  eden space 63488K, 100% used [0x00000000eab00000,0x00000000ee900000,0x00000000ee900000)
  from space 74752K, 99% used [0x00000000ee900000,0x00000000f31f9de0,0x00000000f3200000)
  to   space 91136K, 0% used [0x00000000f5280000,0x00000000f5280000,0x00000000fab80000)
 ParOldGen       total 202752K, used 134291K [0x00000000c0000000, 0x00000000cc600000, 0x00000000eab00000)
  object space 202752K, 66% used [0x00000000c0000000,0x00000000c8324fc8,0x00000000cc600000)
 Metaspace       used 5224K, capacity 6544K, committed 6784K, reserved 1056768K
  class space    used 499K, capacity 584K, committed 640K, reserved 1048576K
Event: 9.987 GC heap after
Heap after GC invocations=15 (full 3):
 PSYoungGen      total 152064K, used 91134K [0x00000000eab00000, 0x00000000fd380000, 0x0000000100000000)
  eden space 60928K, 0% used [0x00000000eab00000,0x00000000eab00000,0x00000000ee680000)
  from space 91136K, 99% used [0x00000000f5280000,0x00000000fab7fa00,0x00000000fab80000)
  to   space 110592K, 0% used [0x00000000ee680000,0x00000000ee680000,0x00000000f5280000)
 ParOldGen       total 202752K, used 147248K [0x00000000c0000000, 0x00000000cc600000, 0x00000000eab00000)
  object space 202752K, 72% used [0x00000000c0000000,0x00000000c8fcc0f8,0x00000000cc600000)
 Metaspace       used 5224K, capacity 6544K, committed 6784K, reserved 1056768K
  class space    used 499K, capacity 584K, committed 640K, reserved 1048576K
}
Event: 10.455 GC heap before
{Heap before GC invocations=16 (full 3):
 PSYoungGen      total 152064K, used 152062K [0x00000000eab00000, 0x00000000fd380000, 0x0000000100000000)
  eden space 60928K, 100% used [0x00000000eab00000,0x00000000ee680000,0x00000000ee680000)
  from space 91136K, 99% used [0x00000000f5280000,0x00000000fab7fa00,0x00000000fab80000)
  to   space 110592K, 0% used [0x00000000ee680000,0x00000000ee680000,0x00000000f5280000)
 ParOldGen       total 202752K, used 147248K [0x00000000c0000000, 0x00000000cc600000, 0x00000000eab00000)
  object space 202752K, 72% used [0x00000000c0000000,0x00000000c8fcc0f8,0x00000000cc600000)
 Metaspace       used 5225K, capacity 6544K, committed 6784K, reserved 1056768K
  class space    used 499K, capacity 584K, committed 640K, reserved 1048576K
Event: 10.756 GC heap after
Heap after GC invocations=16 (full 3):
 PSYoungGen      total 171520K, used 73189K [0x00000000eab00000, 0x00000000fd980000, 0x0000000100000000)
  eden space 60928K, 0% used [0x00000000eab00000,0x00000000eab00000,0x00000000ee680000)
  from space 110592K, 66% used [0x00000000ee680000,0x00000000f2df9420,0x00000000f5280000)
  to   space 114688K, 0% used [0x00000000f6980000,0x00000000f6980000,0x00000000fd980000)
 ParOldGen       total 202752K, used 193343K [0x00000000c0000000, 0x00000000cc600000, 0x00000000eab00000)
  object space 202752K, 95% used [0x00000000c0000000,0x00000000cbccffc8,0x00000000cc600000)
 Metaspace       used 5225K, capacity 6544K, committed 6784K, reserved 1056768K
  class space    used 499K, capacity 584K, committed 640K, reserved 1048576K
}
Event: 10.762 GC heap before
{Heap before GC invocations=17 (full 4):
 PSYoungGen      total 171520K, used 73189K [0x00000000eab00000, 0x00000000fd980000, 0x0000000100000000)
  eden space 60928K, 0% used [0x00000000eab00000,0x00000000eab00000,0x00000000ee680000)
  from space 110592K, 66% used [0x00000000ee680000,0x00000000f2df9420,0x00000000f5280000)
  to   space 114688K, 0% used [0x00000000f6980000,0x00000000f6980000,0x00000000fd980000)
 ParOldGen       total 202752K, used 193343K [0x00000000c0000000, 0x00000000cc600000, 0x00000000eab00000)
  object space 202752K, 95% used [0x00000000c0000000,0x00000000cbccffc8,0x00000000cc600000)
 Metaspace       used 5225K, capacity 6544K, committed 6784K, reserved 1056768K
  class space    used 499K, capacity 584K, committed 640K, reserved 1048576K

Deoptimization events (10 events):
Event: 5.774 Thread 0x00007f54a0009000 Uncommon trap: reason=class_check action=maybe_recompile pc=0x00007f54915d2b68 method=com.android.dx.cf.code.RopperMachine.run(Lcom/android/dx/cf/code/Frame;II)V @ 1024
Event: 5.882 Thread 0x00007f54a0009000 Uncommon trap: reason=class_check action=maybe_recompile pc=0x00007f54915d2b68 method=com.android.dx.cf.code.RopperMachine.run(Lcom/android/dx/cf/code/Frame;II)V @ 1024
Event: 6.434 Thread 0x00007f54a0009000 Uncommon trap: reason=class_check action=maybe_recompile pc=0x00007f54915d2b68 method=com.android.dx.cf.code.RopperMachine.run(Lcom/android/dx/cf/code/Frame;II)V @ 1024
Event: 6.471 Thread 0x00007f54a0009000 Uncommon trap: reason=class_check action=maybe_recompile pc=0x00007f54915d2b68 method=com.android.dx.cf.code.RopperMachine.run(Lcom/android/dx/cf/code/Frame;II)V @ 1024
Event: 7.955 Thread 0x00007f54a0009000 Uncommon trap: reason=bimorphic action=maybe_recompile pc=0x00007f5491610f90 method=com.android.dx.cf.code.BytecodeArray.parseInstruction(ILcom/android/dx/cf/code/BytecodeArray$Visitor;)I @ 1501
Event: 7.955 Thread 0x00007f54a0009000 Uncommon trap: reason=bimorphic action=maybe_recompile pc=0x00007f5491610f90 method=com.android.dx.cf.code.BytecodeArray.parseInstruction(ILcom/android/dx/cf/code/BytecodeArray$Visitor;)I @ 1501
Event: 9.039 Thread 0x00007f54a0009000 Uncommon trap: reason=bimorphic action=maybe_recompile pc=0x00007f54915f5b64 method=com.android.dx.rop.code.RegisterSpec.withSimpleType()Lcom/android/dx/rop/code/RegisterSpec; @ 21
Event: 10.008 Thread 0x00007f54a0009000 Uncommon trap: reason=bimorphic action=maybe_recompile pc=0x00007f549166afe4 method=com.android.dx.cf.code.BytecodeArray.parseInstruction(ILcom/android/dx/cf/code/BytecodeArray$Visitor;)I @ 923
Event: 10.008 Thread 0x00007f54a0009000 Uncommon trap: reason=bimorphic action=maybe_recompile pc=0x00007f549166a950 method=com.android.dx.cf.code.BytecodeArray.parseInstruction(ILcom/android/dx/cf/code/BytecodeArray$Visitor;)I @ 1597
Event: 10.008 Thread 0x00007f54a0009000 Uncommon trap: reason=bimorphic action=maybe_recompile pc=0x00007f549166afe4 method=com.android.dx.cf.code.BytecodeArray.parseInstruction(ILcom/android/dx/cf/code/BytecodeArray$Visitor;)I @ 923

Internal exceptions (10 events):
Event: 0.743 Thread 0x00007f54a0009000 Exception <a 'java/security/PrivilegedActionException'> (0x00000000eb3da458) thrown at [/HUDSON/workspace/8-2-build-linux-amd64/jdk8u25/1514/hotspot/src/share/vm/prims/jvm.cpp, line 1312]
Event: 1.056 Thread 0x00007f54a0009000 Exception <a 'java/security/PrivilegedActionException'> (0x00000000eb656278) thrown at [/HUDSON/workspace/8-2-build-linux-amd64/jdk8u25/1514/hotspot/src/share/vm/prims/jvm.cpp, line 1312]
Event: 1.209 Thread 0x00007f54a0009000 Exception <a 'java/security/PrivilegedActionException'> (0x00000000eb8cb890) thrown at [/HUDSON/workspace/8-2-build-linux-amd64/jdk8u25/1514/hotspot/src/share/vm/prims/jvm.cpp, line 1312]
Event: 1.377 Thread 0x00007f54a0009000 Exception <a 'java/security/PrivilegedActionException'> (0x00000000eadb74d8) thrown at [/HUDSON/workspace/8-2-build-linux-amd64/jdk8u25/1514/hotspot/src/share/vm/prims/jvm.cpp, line 1312]
Event: 1.380 Thread 0x00007f54a0009000 Exception <a 'java/security/PrivilegedActionException'> (0x00000000eadc2a78) thrown at [/HUDSON/workspace/8-2-build-linux-amd64/jdk8u25/1514/hotspot/src/share/vm/prims/jvm.cpp, line 1312]
Event: 1.988 Thread 0x00007f54a0009000 Exception <a 'java/security/PrivilegedActionException'> (0x00000000eba54180) thrown at [/HUDSON/workspace/8-2-build-linux-amd64/jdk8u25/1514/hotspot/src/share/vm/prims/jvm.cpp, line 1312]
Event: 1.989 Thread 0x00007f54a0009000 Exception <a 'java/security/PrivilegedActionException'> (0x00000000eba598b8) thrown at [/HUDSON/workspace/8-2-build-linux-amd64/jdk8u25/1514/hotspot/src/share/vm/prims/jvm.cpp, line 1312]
Event: 4.586 Thread 0x00007f54a0009000 Exception <a 'java/security/PrivilegedActionException'> (0x00000000edfc12f8) thrown at [/HUDSON/workspace/8-2-build-linux-amd64/jdk8u25/1514/hotspot/src/share/vm/prims/jvm.cpp, line 1312]
Event: 5.580 Thread 0x00007f54a0009000 Exception <a 'java/security/PrivilegedActionException'> (0x00000000eb861d90) thrown at [/HUDSON/workspace/8-2-build-linux-amd64/jdk8u25/1514/hotspot/src/share/vm/prims/jvm.cpp, line 1312]
Event: 10.264 Thread 0x00007f54a0009000 Exception <a 'java/security/PrivilegedActionException'> (0x00000000ecdf57a8) thrown at [/HUDSON/workspace/8-2-build-linux-amd64/jdk8u25/1514/hotspot/src/share/vm/prims/jvm.cpp, line 1312]

Events (10 events):
Event: 10.008 Thread 0x00007f54a0009000 DEOPT UNPACKING pc=0x00007f5491004f69 sp=0x00007f54a56e58d8 mode 2
Event: 10.008 Thread 0x00007f54a0009000 Uncommon trap: trap_request=0xffffffc6 fr.pc=0x00007f549166a950
Event: 10.008 Thread 0x00007f54a0009000 DEOPT PACKING pc=0x00007f549166a950 sp=0x00007f54a56e5910
Event: 10.008 Thread 0x00007f54a0009000 DEOPT UNPACKING pc=0x00007f5491004f69 sp=0x00007f54a56e58d0 mode 2
Event: 10.008 Thread 0x00007f54a0009000 Uncommon trap: trap_request=0xffffffc6 fr.pc=0x00007f549166afe4
Event: 10.008 Thread 0x00007f54a0009000 DEOPT PACKING pc=0x00007f549166afe4 sp=0x00007f54a56e59e0
Event: 10.008 Thread 0x00007f54a0009000 DEOPT UNPACKING pc=0x00007f5491004f69 sp=0x00007f54a56e59a8 mode 2
Event: 10.263 loading class com/android/dx/rop/code/RegisterSpec$1
Event: 10.263 loading class com/android/dx/rop/code/RegisterSpec$1 done
Event: 10.454 Executing VM operation: ParallelGCFailedAllocation


Dynamic libraries:
003ff000-00400000 rwxp 00000000 08:02 370479                             /nix/store/dn5b4zn4ips0f7s4x7nxfi24v9yb4h0d-oraclejdk-8u25/bin/java
00400000-00401000 r-xp 00001000 08:02 370479                             /nix/store/dn5b4zn4ips0f7s4x7nxfi24v9yb4h0d-oraclejdk-8u25/bin/java
00600000-00601000 rwxp 00001000 08:02 370479                             /nix/store/dn5b4zn4ips0f7s4x7nxfi24v9yb4h0d-oraclejdk-8u25/bin/java
00f8b000-00fac000 rwxp 00000000 00:00 0                                  [heap]
c0000000-cc600000 rwxp 00000000 00:00 0 
d3100000-eab00000 ---p 00000000 00:00 0 
eab00000-fd980000 rwxp 00000000 00:00 0 
fd980000-100000000 ---p 00000000 00:00 0 
100000000-1000a0000 rwxp 00000000 00:00 0 
1000a0000-140000000 ---p 00000000 00:00 0 
7f5450000000-7f5450021000 rwxp 00000000 00:00 0 
7f5450021000-7f5454000000 ---p 00000000 00:00 0 
7f5454000000-7f5454021000 rwxp 00000000 00:00 0 
7f5454021000-7f5458000000 ---p 00000000 00:00 0 
7f5458000000-7f54594c4000 rwxp 00000000 00:00 0 
7f54594c4000-7f545c000000 ---p 00000000 00:00 0 
7f545c000000-7f545cb14000 rwxp 00000000 00:00 0 
7f545cb14000-7f5460000000 ---p 00000000 00:00 0 
7f5460000000-7f546107b000 rwxp 00000000 00:00 0 
7f546107b000-7f5464000000 ---p 00000000 00:00 0 
7f5465ad0000-7f546bffb000 r-xp 00000000 08:02 284027                     /nix/store/6rybdg09s0s7dq475y6bndk1kpf3h5rd-glibc-locales-2.19/lib/locale/locale-archive
7f546c000000-7f546c021000 rwxp 00000000 00:00 0 
7f546c021000-7f5470000000 ---p 00000000 00:00 0 
7f5470000000-7f5470021000 rwxp 00000000 00:00 0 
7f5470021000-7f5474000000 ---p 00000000 00:00 0 
7f5474000000-7f54742f1000 rwxp 00000000 00:00 0 
7f54742f1000-7f5478000000 ---p 00000000 00:00 0 
7f5478000000-7f5478021000 rwxp 00000000 00:00 0 
7f5478021000-7f547c000000 ---p 00000000 00:00 0 
7f547c000000-7f547c021000 rwxp 00000000 00:00 0 
7f547c021000-7f5480000000 ---p 00000000 00:00 0 
7f5480000000-7f5480021000 rwxp 00000000 00:00 0 
7f5480021000-7f5484000000 ---p 00000000 00:00 0 
7f5484000000-7f5484021000 rwxp 00000000 00:00 0 
7f5484021000-7f5488000000 ---p 00000000 00:00 0 
7f5488bec000-7f5488bed000 ---p 00000000 00:00 0 
7f5488bed000-7f5488ced000 rwxp 00000000 00:00 0                          [stack:13292]
7f5488ced000-7f5488cf0000 ---p 00000000 00:00 0 
7f5488cf0000-7f5488dee000 rwxp 00000000 00:00 0                          [stack:13291]
7f5488dee000-7f5488df1000 ---p 00000000 00:00 0 
7f5488df1000-7f5488eef000 rwxp 00000000 00:00 0                          [stack:13290]
7f5488eef000-7f5488ef2000 ---p 00000000 00:00 0 
7f5488ef2000-7f5488ff0000 rwxp 00000000 00:00 0                          [stack:13289]
7f5488ff0000-7f5488ff3000 ---p 00000000 00:00 0 
7f5488ff3000-7f54890f1000 rwxp 00000000 00:00 0                          [stack:13288]
7f54890f1000-7f54890f4000 ---p 00000000 00:00 0 
7f54890f4000-7f54891f2000 rwxp 00000000 00:00 0                          [stack:13287]
7f54891f2000-7f54891f5000 ---p 00000000 00:00 0 
7f54891f5000-7f54892f3000 rwxp 00000000 00:00 0                          [stack:13286]
7f54892f3000-7f54892f4000 ---p 00000000 00:00 0 
7f54892f4000-7f548c000000 rwxp 00000000 00:00 0                          [stack:13284]
7f548c000000-7f548c021000 rwxp 00000000 00:00 0 
7f548c021000-7f5490000000 ---p 00000000 00:00 0 
7f5490078000-7f54900d0000 r-xs 004f2000 08:03 2360276                    /home/volhovm/.gradle/caches/modules-2/files-2.1/org.scala-lang/scala-library/2.11.2/4718c022bd5bd84705ddacec18072c351832bc20/scala-library-2.11.2.jar
7f54900d6000-7f5490428000 rwxp 00000000 00:00 0 
7f5490428000-7f54905fe000 r-xs 03caa000 08:02 370870                     /nix/store/dn5b4zn4ips0f7s4x7nxfi24v9yb4h0d-oraclejdk-8u25/jre/lib/rt.jar
7f5490600000-7f5490c00000 rwxp 00000000 00:00 0 
7f5490c00000-7f5490e00000 ---p 00000000 00:00 0 
7f5490e00000-7f54916c0000 rwxp 00000000 00:00 0 
7f54916c0000-7f54a0000000 ---p 00000000 00:00 0 
7f54a0000000-7f54a0459000 rwxp 00000000 00:00 0 
7f54a0459000-7f54a4000000 ---p 00000000 00:00 0 
7f54a401c000-7f54a401f000 ---p 00000000 00:00 0 
7f54a401f000-7f54a4193000 rwxp 00000000 00:00 0                          [stack:13285]
7f54a4193000-7f54a4194000 ---p 00000000 00:00 0 
7f54a4194000-7f54a4294000 rwxp 00000000 00:00 0                          [stack:13283]
7f54a4294000-7f54a4295000 ---p 00000000 00:00 0 
7f54a4295000-7f54a4395000 rwxp 00000000 00:00 0                          [stack:13282]
7f54a4395000-7f54a4396000 ---p 00000000 00:00 0 
7f54a4396000-7f54a4496000 rwxp 00000000 00:00 0                          [stack:13281]
7f54a4496000-7f54a4497000 ---p 00000000 00:00 0 
7f54a4497000-7f54a45fa000 rwxp 00000000 00:00 0                          [stack:13280]
7f54a45fa000-7f54a46ec000 ---p 00000000 00:00 0 
7f54a46ec000-7f54a4784000 rwxp 00000000 00:00 0 
7f54a4784000-7f54a4797000 ---p 00000000 00:00 0 
7f54a4797000-7f54a47b3000 rwxp 00000000 00:00 0 
7f54a47b3000-7f54a4b58000 ---p 00000000 00:00 0 
7f54a4b58000-7f54a4b72000 r-xp 00000000 08:02 370643                     /nix/store/dn5b4zn4ips0f7s4x7nxfi24v9yb4h0d-oraclejdk-8u25/jre/lib/amd64/libzip.so
7f54a4b72000-7f54a4d72000 ---p 0001a000 08:02 370643                     /nix/store/dn5b4zn4ips0f7s4x7nxfi24v9yb4h0d-oraclejdk-8u25/jre/lib/amd64/libzip.so
7f54a4d72000-7f54a4d73000 rwxp 0001a000 08:02 370643                     /nix/store/dn5b4zn4ips0f7s4x7nxfi24v9yb4h0d-oraclejdk-8u25/jre/lib/amd64/libzip.so
7f54a4d73000-7f54a4d75000 rwxp 0001f000 08:02 370643                     /nix/store/dn5b4zn4ips0f7s4x7nxfi24v9yb4h0d-oraclejdk-8u25/jre/lib/amd64/libzip.so
7f54a4d78000-7f54a4d83000 r-xp 00000000 08:02 1328301                    /nix/store/i11d0d4015p0vbdnjq7lb509v9pwp049-glibc-2.19/lib/libnss_files-2.19.so
7f54a4d83000-7f54a4f82000 ---p 0000b000 08:02 1328301                    /nix/store/i11d0d4015p0vbdnjq7lb509v9pwp049-glibc-2.19/lib/libnss_files-2.19.so
7f54a4f82000-7f54a4f83000 r-xp 0000a000 08:02 1328301                    /nix/store/i11d0d4015p0vbdnjq7lb509v9pwp049-glibc-2.19/lib/libnss_files-2.19.so
7f54a4f83000-7f54a4f84000 rwxp 0000b000 08:02 1328301                    /nix/store/i11d0d4015p0vbdnjq7lb509v9pwp049-glibc-2.19/lib/libnss_files-2.19.so
7f54a4f88000-7f54a4fb2000 r-xp 00000000 08:02 370673                     /nix/store/dn5b4zn4ips0f7s4x7nxfi24v9yb4h0d-oraclejdk-8u25/jre/lib/amd64/libjava.so
7f54a4fb2000-7f54a51b2000 ---p 0002a000 08:02 370673                     /nix/store/dn5b4zn4ips0f7s4x7nxfi24v9yb4h0d-oraclejdk-8u25/jre/lib/amd64/libjava.so
7f54a51b2000-7f54a51b4000 rwxp 0002a000 08:02 370673                     /nix/store/dn5b4zn4ips0f7s4x7nxfi24v9yb4h0d-oraclejdk-8u25/jre/lib/amd64/libjava.so
7f54a51b4000-7f54a51b9000 rwxp 00037000 08:02 370673                     /nix/store/dn5b4zn4ips0f7s4x7nxfi24v9yb4h0d-oraclejdk-8u25/jre/lib/amd64/libjava.so
7f54a51c0000-7f54a51cd000 r-xp 00000000 08:02 370621                     /nix/store/dn5b4zn4ips0f7s4x7nxfi24v9yb4h0d-oraclejdk-8u25/jre/lib/amd64/libverify.so
7f54a51cd000-7f54a53cd000 ---p 0000d000 08:02 370621                     /nix/store/dn5b4zn4ips0f7s4x7nxfi24v9yb4h0d-oraclejdk-8u25/jre/lib/amd64/libverify.so
7f54a53cd000-7f54a53cf000 rwxp 0000d000 08:02 370621                     /nix/store/dn5b4zn4ips0f7s4x7nxfi24v9yb4h0d-oraclejdk-8u25/jre/lib/amd64/libverify.so
7f54a53cf000-7f54a53d1000 rwxp 00011000 08:02 370621                     /nix/store/dn5b4zn4ips0f7s4x7nxfi24v9yb4h0d-oraclejdk-8u25/jre/lib/amd64/libverify.so
7f54a53d8000-7f54a53df000 r-xp 00000000 08:02 1328324                    /nix/store/i11d0d4015p0vbdnjq7lb509v9pwp049-glibc-2.19/lib/librt-2.19.so
7f54a53df000-7f54a55de000 ---p 00007000 08:02 1328324                    /nix/store/i11d0d4015p0vbdnjq7lb509v9pwp049-glibc-2.19/lib/librt-2.19.so
7f54a55de000-7f54a55df000 r-xp 00006000 08:02 1328324                    /nix/store/i11d0d4015p0vbdnjq7lb509v9pwp049-glibc-2.19/lib/librt-2.19.so
7f54a55df000-7f54a55e0000 rwxp 00007000 08:02 1328324                    /nix/store/i11d0d4015p0vbdnjq7lb509v9pwp049-glibc-2.19/lib/librt-2.19.so
7f54a55e7000-7f54a55ea000 ---p 00000000 00:00 0 
7f54a55ea000-7f54a56e8000 rwxp 00000000 00:00 0                          [stack:13279]
7f54a56e8000-7f54a57e8000 r-xp 00000000 08:02 1328282                    /nix/store/i11d0d4015p0vbdnjq7lb509v9pwp049-glibc-2.19/lib/libm-2.19.so
7f54a57e8000-7f54a59e7000 ---p 00100000 08:02 1328282                    /nix/store/i11d0d4015p0vbdnjq7lb509v9pwp049-glibc-2.19/lib/libm-2.19.so
7f54a59e7000-7f54a59e8000 r-xp 000ff000 08:02 1328282                    /nix/store/i11d0d4015p0vbdnjq7lb509v9pwp049-glibc-2.19/lib/libm-2.19.so
7f54a59e8000-7f54a59e9000 rwxp 00100000 08:02 1328282                    /nix/store/i11d0d4015p0vbdnjq7lb509v9pwp049-glibc-2.19/lib/libm-2.19.so
7f54a59f0000-7f54a665d000 r-xp 00000000 08:02 370637                     /nix/store/dn5b4zn4ips0f7s4x7nxfi24v9yb4h0d-oraclejdk-8u25/jre/lib/amd64/server/libjvm.so
7f54a665d000-7f54a685c000 ---p 00c6d000 08:02 370637                     /nix/store/dn5b4zn4ips0f7s4x7nxfi24v9yb4h0d-oraclejdk-8u25/jre/lib/amd64/server/libjvm.so
7f54a685c000-7f54a6932000 rwxp 00c6c000 08:02 370637                     /nix/store/dn5b4zn4ips0f7s4x7nxfi24v9yb4h0d-oraclejdk-8u25/jre/lib/amd64/server/libjvm.so
7f54a6932000-7f54a6975000 rwxp 00000000 00:00 0 
7f54a6975000-7f54a6978000 rwxp 00fbf000 08:02 370637                     /nix/store/dn5b4zn4ips0f7s4x7nxfi24v9yb4h0d-oraclejdk-8u25/jre/lib/amd64/server/libjvm.so
7f54a6978000-7f54a6b1b000 r-xp 00000000 08:02 1328264                    /nix/store/i11d0d4015p0vbdnjq7lb509v9pwp049-glibc-2.19/lib/libc-2.19.so
7f54a6b1b000-7f54a6d1b000 ---p 001a3000 08:02 1328264                    /nix/store/i11d0d4015p0vbdnjq7lb509v9pwp049-glibc-2.19/lib/libc-2.19.so
7f54a6d1b000-7f54a6d1f000 r-xp 001a3000 08:02 1328264                    /nix/store/i11d0d4015p0vbdnjq7lb509v9pwp049-glibc-2.19/lib/libc-2.19.so
7f54a6d1f000-7f54a6d21000 rwxp 001a7000 08:02 1328264                    /nix/store/i11d0d4015p0vbdnjq7lb509v9pwp049-glibc-2.19/lib/libc-2.19.so
7f54a6d21000-7f54a6d25000 rwxp 00000000 00:00 0 
7f54a6d28000-7f54a6d2a000 r-xp 00000000 08:02 1328276                    /nix/store/i11d0d4015p0vbdnjq7lb509v9pwp049-glibc-2.19/lib/libdl-2.19.so
7f54a6d2a000-7f54a6f2a000 ---p 00002000 08:02 1328276                    /nix/store/i11d0d4015p0vbdnjq7lb509v9pwp049-glibc-2.19/lib/libdl-2.19.so
7f54a6f2a000-7f54a6f2b000 r-xp 00002000 08:02 1328276                    /nix/store/i11d0d4015p0vbdnjq7lb509v9pwp049-glibc-2.19/lib/libdl-2.19.so
7f54a6f2b000-7f54a6f2c000 rwxp 00003000 08:02 1328276                    /nix/store/i11d0d4015p0vbdnjq7lb509v9pwp049-glibc-2.19/lib/libdl-2.19.so
7f54a6f30000-7f54a6f45000 r-xp 00000000 08:02 370661                     /nix/store/dn5b4zn4ips0f7s4x7nxfi24v9yb4h0d-oraclejdk-8u25/jre/lib/amd64/jli/libjli.so
7f54a6f45000-7f54a7144000 ---p 00015000 08:02 370661                     /nix/store/dn5b4zn4ips0f7s4x7nxfi24v9yb4h0d-oraclejdk-8u25/jre/lib/amd64/jli/libjli.so
7f54a7144000-7f54a7145000 rwxp 00014000 08:02 370661                     /nix/store/dn5b4zn4ips0f7s4x7nxfi24v9yb4h0d-oraclejdk-8u25/jre/lib/amd64/jli/libjli.so
7f54a7145000-7f54a7147000 rwxp 00019000 08:02 370661                     /nix/store/dn5b4zn4ips0f7s4x7nxfi24v9yb4h0d-oraclejdk-8u25/jre/lib/amd64/jli/libjli.so
7f54a7147000-7f54a7148000 rwxp 00000000 00:00 0 
7f54a7148000-7f54a7160000 r-xp 00000000 08:02 1328314                    /nix/store/i11d0d4015p0vbdnjq7lb509v9pwp049-glibc-2.19/lib/libpthread-2.19.so
7f54a7160000-7f54a7360000 ---p 00018000 08:02 1328314                    /nix/store/i11d0d4015p0vbdnjq7lb509v9pwp049-glibc-2.19/lib/libpthread-2.19.so
7f54a7360000-7f54a7361000 r-xp 00018000 08:02 1328314                    /nix/store/i11d0d4015p0vbdnjq7lb509v9pwp049-glibc-2.19/lib/libpthread-2.19.so
7f54a7361000-7f54a7362000 rwxp 00019000 08:02 1328314                    /nix/store/i11d0d4015p0vbdnjq7lb509v9pwp049-glibc-2.19/lib/libpthread-2.19.so
7f54a7362000-7f54a7366000 rwxp 00000000 00:00 0 
7f54a7368000-7f54a7388000 r-xp 00000000 08:02 1328253                    /nix/store/i11d0d4015p0vbdnjq7lb509v9pwp049-glibc-2.19/lib/ld-2.19.so
7f54a73a0000-7f54a73ae000 r-xs 000dc000 08:03 2492618                    /home/volhovm/programs/android-sdk-linux/build-tools/21.1.1/lib/dx.jar
7f54a73b3000-7f54a7485000 rwxp 00000000 00:00 0 
7f54a7485000-7f54a7578000 ---p 00000000 00:00 0 
7f54a7578000-7f54a7580000 rwxs 00000000 08:02 479239                     /tmp/hsperfdata_volhovm/13271
7f54a7586000-7f54a7587000 rwxp 00000000 00:00 0 
7f54a7587000-7f54a7588000 r-xp 0001f000 08:02 1328253                    /nix/store/i11d0d4015p0vbdnjq7lb509v9pwp049-glibc-2.19/lib/ld-2.19.so
7f54a7588000-7f54a7589000 rwxp 00020000 08:02 1328253                    /nix/store/i11d0d4015p0vbdnjq7lb509v9pwp049-glibc-2.19/lib/ld-2.19.so
7f54a7589000-7f54a758b000 rwxp 00000000 00:00 0 
7f54a758b000-7f54a758c000 ---p 00000000 00:00 0 
7f54a758c000-7f54a7591000 rwxp 00000000 00:00 0 
7fffb3d27000-7fffb3d49000 rwxp 00000000 00:00 0                          [stack]
7fffb3e00000-7fffb3e02000 r-xp 00000000 00:00 0                          [vdso]
ffffffffff600000-ffffffffff601000 r-xp 00000000 00:00 0                  [vsyscall]

VM Arguments:
jvm_args: -Xmx1024M 
java_command: /home/volhovm/programs/android-sdk-linux/build-tools/21.1.1/lib/dx.jar --dex --no-optimize --output /home/volhovm/Dropbox/Code/Android-III-2014/lesson8/app/build/intermediates/dex/debug --input-list=/home/volhovm/Dropbox/Code/Android-III-2014/lesson8/app/build/intermediates/tmp/dex/debug/inputList.txt
java_class_path (initial): /home/volhovm/programs/android-sdk-linux/build-tools/21.1.1/lib/dx.jar
Launcher Type: SUN_STANDARD

Environment Variables:
JAVA_HOME=/home/volhovm/.nix-profile/jre/..
CLASSPATH=/home/volhovm/Downloads/studio/android-studio/bin/../lib/bootstrap.jar:/home/volhovm/Downloads/studio/android-studio/bin/../lib/extensions.jar:/home/volhovm/Downloads/studio/android-studio/bin/../lib/util.jar:/home/volhovm/Downloads/studio/android-studio/bin/../lib/jdom.jar:/home/volhovm/Downloads/studio/android-studio/bin/../lib/log4j.jar:/home/volhovm/Downloads/studio/android-studio/bin/../lib/trove4j.jar:/home/volhovm/Downloads/studio/android-studio/bin/../lib/jna.jar:/home/volhovm/.nix-profile/jre/../lib/tools.jar
PATH=/home/volhovm/bin:/var/setuid-wrappers:/home/volhovm/.nix-profile/bin:/home/volhovm/.nix-profile/sbin:/home/volhovm/.nix-profile/lib/kde4/libexec:/nix/var/nix/profiles/default/bin:/nix/var/nix/profiles/default/sbin:/nix/var/nix/profiles/default/lib/kde4/libexec:/run/current-system/sw/bin:/run/current-system/sw/sbin:/run/current-system/sw/lib/kde4/libexec
LD_LIBRARY_PATH=/home/volhovm/Downloads/studio/android-studio/bin:/home/volhovm/.nix-profile/lib
SHELL=/run/current-system/sw/bin/bash
DISPLAY=:0

Signal Handlers:
SIGSEGV: [libjvm.so+0xa79a80], sa_mask[0]=11111111011111111101111111111110, sa_flags=SA_RESTART|SA_SIGINFO
SIGBUS: [libjvm.so+0xa79a80], sa_mask[0]=11111111011111111101111111111110, sa_flags=SA_RESTART|SA_SIGINFO
SIGFPE: [libjvm.so+0x8e24e0], sa_mask[0]=11111111011111111101111111111110, sa_flags=SA_RESTART|SA_SIGINFO
SIGPIPE: [libjvm.so+0x8e24e0], sa_mask[0]=11111111011111111101111111111110, sa_flags=SA_RESTART|SA_SIGINFO
SIGXFSZ: [libjvm.so+0x8e24e0], sa_mask[0]=11111111011111111101111111111110, sa_flags=SA_RESTART|SA_SIGINFO
SIGILL: [libjvm.so+0x8e24e0], sa_mask[0]=11111111011111111101111111111110, sa_flags=SA_RESTART|SA_SIGINFO
SIGUSR1: SIG_DFL, sa_mask[0]=00000000000000000000000000000000, sa_flags=none
SIGUSR2: [libjvm.so+0x8e3d10], sa_mask[0]=00100000000000000000000000000000, sa_flags=SA_RESTART|SA_SIGINFO
SIGHUP: [libjvm.so+0x8e50d0], sa_mask[0]=11111111011111111101111111111110, sa_flags=SA_RESTART|SA_SIGINFO
SIGINT: [libjvm.so+0x8e50d0], sa_mask[0]=11111111011111111101111111111110, sa_flags=SA_RESTART|SA_SIGINFO
SIGTERM: [libjvm.so+0x8e50d0], sa_mask[0]=11111111011111111101111111111110, sa_flags=SA_RESTART|SA_SIGINFO
SIGQUIT: [libjvm.so+0x8e50d0], sa_mask[0]=11111111011111111101111111111110, sa_flags=SA_RESTART|SA_SIGINFO


---------------  S Y S T E M  ---------------

OS:NAME=NixOS
ID=nixos
VERSION="14.04.572.2b0cacc (Baboon)"
VERSION_ID="14.04.572.2b0cacc"
PRETTY_NAME="NixOS 14.04.572.2b0cacc (Baboon)"
HOME_URL="http://nixos.org/"

uname:Linux 3.4.103 #1-NixOS SMP Thu Jan 1 00:00:01 UTC 1970 x86_64
libc:glibc 2.19 NPTL 2.19 
rlimit: STACK 8192k, CORE 0k, NPROC 26961, NOFILE 4096, AS infinity
load average:2.76 1.19 1.45

/proc/meminfo:
MemTotal:        3484036 kB
MemFree:           94808 kB
Buffers:             240 kB
Cached:            42252 kB
SwapCached:            0 kB
Active:          2623568 kB
Inactive:         487532 kB
Active(anon):    2614664 kB
Inactive(anon):   479100 kB
Active(file):       8904 kB
Inactive(file):     8432 kB
Unevictable:           0 kB
Mlocked:               0 kB
SwapTotal:             0 kB
SwapFree:              0 kB
Dirty:                44 kB
Writeback:             0 kB
AnonPages:       3068720 kB
Mapped:            66160 kB
Shmem:             25044 kB
Slab:              52488 kB
SReclaimable:      30148 kB
SUnreclaim:        22340 kB
KernelStack:        3264 kB
PageTables:        18236 kB
NFS_Unstable:          0 kB
Bounce:                0 kB
WritebackTmp:          0 kB
CommitLimit:     1742016 kB
Committed_AS:    4665040 kB
VmallocTotal:   34359738367 kB
VmallocUsed:      346280 kB
VmallocChunk:   34359388924 kB
AnonHugePages:         0 kB
HugePages_Total:       0
HugePages_Free:        0
HugePages_Rsvd:        0
HugePages_Surp:        0
Hugepagesize:       2048 kB
DirectMap4k:       88060 kB
DirectMap2M:     3553280 kB
DirectMap1G:           0 kB


CPU:total 4 (4 cores per cpu, 1 threads per core) family 21 model 16 stepping 1, cmov, cx8, fxsr, mmx, sse, sse2, sse3, ssse3, sse4.1, sse4.2, popcnt, avx, aes, clmul, mmxext, 3dnowpref, lzcnt, sse4a, tsc, tscinvbit, tscinv, bmi1

/proc/cpuinfo:
processor	: 0
vendor_id	: AuthenticAMD
cpu family	: 21
model		: 16
model name	: AMD A8-4555M APU with Radeon(tm) HD Graphics   
stepping	: 1
microcode	: 0x6001119
cpu MHz		: 1600.000
cache size	: 2048 KB
physical id	: 0
siblings	: 4
core id		: 0
cpu cores	: 2
apicid		: 16
initial apicid	: 0
fpu		: yes
fpu_exception	: yes
cpuid level	: 13
wp		: yes
flags		: fpu vme de pse tsc msr pae mce cx8 apic sep mtrr pge mca cmov pat pse36 clflush mmx fxsr sse sse2 ht syscall nx mmxext fxsr_opt pdpe1gb rdtscp lm constant_tsc rep_good nopl nonstop_tsc extd_apicid aperfmperf pni pclmulqdq monitor ssse3 fma cx16 sse4_1 sse4_2 popcnt aes xsave avx f16c lahf_lm cmp_legacy svm extapic cr8_legacy abm sse4a misalignsse 3dnowprefetch osvw ibs xop skinit wdt lwp fma4 tce nodeid_msr tbm topoext perfctr_core arat cpb hw_pstate npt lbrv svm_lock nrip_save tsc_scale vmcb_clean flushbyasid decodeassists pausefilter pfthreshold bmi1
bogomips	: 3194.12
TLB size	: 1536 4K pages
clflush size	: 64
cache_alignment	: 64
address sizes	: 48 bits physical, 48 bits virtual
power management: ts ttp tm 100mhzsteps hwpstate cpb eff_freq_ro

processor	: 1
vendor_id	: AuthenticAMD
cpu family	: 21
model		: 16
model name	: AMD A8-4555M APU with Radeon(tm) HD Graphics   
stepping	: 1
microcode	: 0x6001119
cpu MHz		: 1600.000
cache size	: 2048 KB
physical id	: 0
siblings	: 4
core id		: 1
cpu cores	: 2
apicid		: 17
initial apicid	: 1
fpu		: yes
fpu_exception	: yes
cpuid level	: 13
wp		: yes
flags		: fpu vme de pse tsc msr pae mce cx8 apic sep mtrr pge mca cmov pat pse36 clflush mmx fxsr sse sse2 ht syscall nx mmxext fxsr_opt pdpe1gb rdtscp lm constant_tsc rep_good nopl nonstop_tsc extd_apicid aperfmperf pni pclmulqdq monitor ssse3 fma cx16 sse4_1 sse4_2 popcnt aes xsave avx f16c lahf_lm cmp_legacy svm extapic cr8_legacy abm sse4a misalignsse 3dnowprefetch osvw ibs xop skinit wdt lwp fma4 tce nodeid_msr tbm topoext perfctr_core arat cpb hw_pstate npt lbrv svm_lock nrip_save tsc_scale vmcb_clean flushbyasid decodeassists pausefilter pfthreshold bmi1
bogomips	: 3194.12
TLB size	: 1536 4K pages
clflush size	: 64
cache_alignment	: 64
address sizes	: 48 bits physical, 48 bits virtual
power management: ts ttp tm 100mhzsteps hwpstate cpb eff_freq_ro

processor	: 2
vendor_id	: AuthenticAMD
cpu family	: 21
model		: 16
model name	: AMD A8-4555M APU with Radeon(tm) HD Graphics   
stepping	: 1
microcode	: 0x6001119
cpu MHz		: 1600.000
cache size	: 2048 KB
physical id	: 0
siblings	: 4
core id		: 2
cpu cores	: 2
apicid		: 18
initial apicid	: 2
fpu		: yes
fpu_exception	: yes
cpuid level	: 13
wp		: yes
flags		: fpu vme de pse tsc msr pae mce cx8 apic sep mtrr pge mca cmov pat pse36 clflush mmx fxsr sse sse2 ht syscall nx mmxext fxsr_opt pdpe1gb rdtscp lm constant_tsc rep_good nopl nonstop_tsc extd_apicid aperfmperf pni pclmulqdq monitor ssse3 fma cx16 sse4_1 sse4_2 popcnt aes xsave avx f16c lahf_lm cmp_legacy svm extapic cr8_legacy abm sse4a misalignsse 3dnowprefetch osvw ibs xop skinit wdt lwp fma4 tce nodeid_msr tbm topoext perfctr_core arat cpb hw_pstate npt lbrv svm_lock nrip_save tsc_scale vmcb_clean flushbyasid decodeassists pausefilter pfthreshold bmi1
bogomips	: 3194.12
TLB size	: 1536 4K pages
clflush size	: 64
cache_alignment	: 64
address sizes	: 48 bits physical, 48 bits virtual
power management: ts ttp tm 100mhzsteps hwpstate cpb eff_freq_ro

processor	: 3
vendor_id	: AuthenticAMD
cpu family	: 21
model		: 16
model name	: AMD A8-4555M APU with Radeon(tm) HD Graphics   
stepping	: 1
microcode	: 0x6001119
cpu MHz		: 1600.000
cache size	: 2048 KB
physical id	: 0
siblings	: 4
core id		: 3
cpu cores	: 2
apicid		: 19
initial apicid	: 3
fpu		: yes
fpu_exception	: yes
cpuid level	: 13
wp		: yes
flags		: fpu vme de pse tsc msr pae mce cx8 apic sep mtrr pge mca cmov pat pse36 clflush mmx fxsr sse sse2 ht syscall nx mmxext fxsr_opt pdpe1gb rdtscp lm constant_tsc rep_good nopl nonstop_tsc extd_apicid aperfmperf pni pclmulqdq monitor ssse3 fma cx16 sse4_1 sse4_2 popcnt aes xsave avx f16c lahf_lm cmp_legacy svm extapic cr8_legacy abm sse4a misalignsse 3dnowprefetch osvw ibs xop skinit wdt lwp fma4 tce nodeid_msr tbm topoext perfctr_core arat cpb hw_pstate npt lbrv svm_lock nrip_save tsc_scale vmcb_clean flushbyasid decodeassists pausefilter pfthreshold bmi1
bogomips	: 3194.12
TLB size	: 1536 4K pages
clflush size	: 64
cache_alignment	: 64
address sizes	: 48 bits physical, 48 bits virtual
power management: ts ttp tm 100mhzsteps hwpstate cpb eff_freq_ro



Memory: 4k page, physical 3484036k(94216k free), swap 0k(0k free)

vm_info: Java HotSpot(TM) 64-Bit Server VM (25.25-b02) for linux-amd64 JRE (1.8.0_25-b17), built on Sep 17 2014 17:32:11 by "java_re" with gcc 4.3.0 20080428 (Red Hat 4.3.0-8)

time: Tue Dec  2 09:09:11 2014
elapsed time: 14 seconds (0d 0h 0m 14s)

