#
# There is insufficient memory for the Java Runtime Environment to continue.
# Native memory allocation (mmap) failed to map 153092096 bytes for committing reserved memory.
# Possible reasons:
#   The system is out of physical RAM or swap space
#   In 32 bit mode, the process size limit was hit
# Possible solutions:
#   Reduce memory load on the system
#   Increase physical memory or swap space
#   Check if swap backing store is full
#   Use 64 bit Java on a 64 bit OS
#   Decrease Java heap size (-Xmx/-Xms)
#   Decrease number of Java threads
#   Decrease Java thread stack sizes (-Xss)
#   Set larger code cache with -XX:ReservedCodeCacheSize=
# This output file may be truncated or incomplete.
#
#  Out of Memory Error (os_linux.cpp:2671), pid=9281, tid=139810649380608
#
# JRE version: Java(TM) SE Runtime Environment (8.0_25-b17) (build 1.8.0_25-b17)
# Java VM: Java HotSpot(TM) 64-Bit Server VM (25.25-b02 mixed mode linux-amd64 compressed oops)
# Failed to write core dump. Core dumps have been disabled. To enable core dumping, try "ulimit -c unlimited" before starting Java again
#

---------------  T H R E A D  ---------------

Current thread (0x00007f2830139000):  VMThread [stack: 0x00007f2834079000,0x00007f283417a000] [id=9295]

Stack: [0x00007f2834079000,0x00007f283417a000],  sp=0x00007f28341780c0,  free space=1020k
Native frames: (J=compiled Java code, j=interpreted, Vv=VM code, C=native code)
V  [libjvm.so+0xa7923a]  VMError::report_and_die()+0x2ca
V  [libjvm.so+0x4e552b]  report_vm_out_of_memory(char const*, int, unsigned long, VMErrorType, char const*)+0x8b
V  [libjvm.so+0x8e5613]  os::Linux::commit_memory_impl(char*, unsigned long, bool)+0x103
V  [libjvm.so+0x8e5b69]  os::pd_commit_memory(char*, unsigned long, unsigned long, bool)+0x29
V  [libjvm.so+0x8df83a]  os::commit_memory(char*, unsigned long, unsigned long, bool)+0x2a
V  [libjvm.so+0x94f923]  PSVirtualSpace::expand_by(unsigned long)+0x53
V  [libjvm.so+0x940640]  PSOldGen::expand(unsigned long)+0x170
V  [libjvm.so+0x94084b]  PSOldGen::resize(unsigned long)+0x1cb
V  [libjvm.so+0x948441]  PSParallelCompact::invoke_no_policy(bool)+0x9d1
V  [libjvm.so+0x94da4d]  PSScavenge::invoke()+0x1ad
V  [libjvm.so+0x907800]  ParallelScavengeHeap::failed_mem_allocate(unsigned long)+0x70
V  [libjvm.so+0xa7a8b7]  VM_ParallelGCFailedAllocation::doit()+0x97
V  [libjvm.so+0xa81fd5]  VM_Operation::evaluate()+0x55
V  [libjvm.so+0xa803aa]  VMThread::evaluate_operation(VM_Operation*)+0xba
V  [libjvm.so+0xa8072e]  VMThread::loop()+0x1ce
V  [libjvm.so+0xa80ba0]  VMThread::run()+0x70
V  [libjvm.so+0x8e7d48]  java_start(Thread*)+0x108

VM_Operation (0x00007f283727dad0): ParallelGCFailedAllocation, mode: safepoint, requested by thread 0x00007f2830009000


---------------  P R O C E S S  ---------------

Java Threads: ( => current thread )
  0x00007f283018e800 JavaThread "Service Thread" daemon [_thread_blocked, id=9302, stack(0x00007f28208f9000,0x00007f28209fa000)]
  0x00007f2830176800 JavaThread "C1 CompilerThread2" daemon [_thread_blocked, id=9301, stack(0x00007f28209fa000,0x00007f2820afb000)]
  0x00007f2830174800 JavaThread "C2 CompilerThread1" daemon [_thread_blocked, id=9300, stack(0x00007f2820afb000,0x00007f2820bfc000)]
  0x00007f2830171800 JavaThread "C2 CompilerThread0" daemon [_thread_blocked, id=9299, stack(0x00007f2820bfc000,0x00007f2820cfd000)]
  0x00007f283016f800 JavaThread "Signal Dispatcher" daemon [_thread_blocked, id=9298, stack(0x00007f2820cfd000,0x00007f2820dfe000)]
  0x00007f2830142800 JavaThread "Finalizer" daemon [_thread_blocked, id=9297, stack(0x00007f2820dfe000,0x00007f2820eff000)]
  0x00007f2830140800 JavaThread "Reference Handler" daemon [_thread_blocked, id=9296, stack(0x00007f2820eff000,0x00007f2821000000)]
  0x00007f2830009000 JavaThread "main" [_thread_blocked, id=9290, stack(0x00007f283717f000,0x00007f2837280000)]

Other Threads:
=>0x00007f2830139000 VMThread [stack: 0x00007f2834079000,0x00007f283417a000] [id=9295]
  0x00007f2830190800 WatcherThread [stack: 0x00007f28207f8000,0x00007f28208f9000] [id=9303]

VM state:at safepoint (normal execution)

VM Mutex/Monitor currently owned by a thread:  ([mutex/lock_event])
[0x00007f2830006000] ExpandHeap_lock - owner thread: 0x00007f2830139000
[0x00007f2830006680] Threads_lock - owner thread: 0x00007f2830139000
[0x00007f2830006b80] Heap_lock - owner thread: 0x00007f2830009000

Heap:
 PSYoungGen      total 198144K, used 28919K [0x00000000eab00000, 0x00000000fde00000, 0x0000000100000000)
  eden space 81920K, 0% used [0x00000000eab00000,0x00000000eab00000,0x00000000efb00000)
  from space 116224K, 24% used [0x00000000f6c80000,0x00000000f88bdf68,0x00000000fde00000)
  to   space 116224K, 0% used [0x00000000efb00000,0x00000000efb00000,0x00000000f6c80000)
 ParOldGen       total 329728K, used 329639K [0x00000000c0000000, 0x00000000d4200000, 0x00000000eab00000)
  object space 329728K, 99% used [0x00000000c0000000,0x00000000d41e9dd8,0x00000000d4200000)
 Metaspace       used 5340K, capacity 6608K, committed 6784K, reserved 1056768K
  class space    used 518K, capacity 584K, committed 640K, reserved 1048576K

Card table byte_map: [0x00007f283612f000,0x00007f2836330000] byte_map_base: 0x00007f2835b2f000

Marking Bits: (ParMarkBitMap*) 0x00007f28384e22c0
 Begin Bits: [0x00007f281a000000, 0x00007f281b000000)
 End Bits:   [0x00007f281b000000, 0x00007f281c000000)

Polling page: 0x00007f2839118000

CodeCache: size=245760Kb used=7869Kb max_used=7900Kb free=237890Kb
 bounds [0x00007f2821000000, 0x00007f28217d0000, 0x00007f2830000000]
 total_blobs=1753 nmethods=1497 adapters=172
 compilation: enabled

Compilation events (10 events):
Event: 19.731 Thread 0x00007f2830176800 nmethod 1543 0x00007f28217894d0 code [0x00007f28217896c0, 0x00007f2821789d58]
Event: 19.772 Thread 0x00007f2830176800 1544       2       java.util.HashMap::comparableClassFor (105 bytes)
Event: 19.774 Thread 0x00007f2830176800 nmethod 1544 0x00007f2821788b90 code [0x00007f2821788d60, 0x00007f28217891c8]
Event: 19.870 Thread 0x00007f2830176800 1546       1       com.android.dx.util.ByteArray::getByte0 (12 bytes)
Event: 19.870 Thread 0x00007f2830176800 nmethod 1546 0x00007f2821775950 code [0x00007f2821775aa0, 0x00007f2821775bd0]
Event: 19.913 Thread 0x00007f2830176800 1548   !   2       com.android.dx.cf.code.BytecodeArray::parseInstruction (2764 bytes)
Event: 19.935 Thread 0x00007f2830176800 nmethod 1548 0x00007f2821799790 code [0x00007f282179a640, 0x00007f28217a0648]
Event: 20.063 Thread 0x00007f2830176800 1550       2       com.android.dx.cf.code.SwitchList::getTarget (9 bytes)
Event: 20.064 Thread 0x00007f2830176800 nmethod 1550 0x00007f2821775590 code [0x00007f2821775700, 0x00007f2821775868]
Event: 20.117 Thread 0x00007f2830171800 nmethod 1533 0x00007f28217b2150 code [0x00007f28217b2860, 0x00007f28217b76c0]

GC Heap History (10 events):
Event: 15.007 GC heap after
Heap after GC invocations=18 (full 3):
 PSYoungGen      total 167936K, used 103968K [0x00000000eab00000, 0x00000000fd080000, 0x0000000100000000)
  eden space 51712K, 0% used [0x00000000eab00000,0x00000000eab00000,0x00000000edd80000)
  from space 116224K, 89% used [0x00000000edd80000,0x00000000f4308218,0x00000000f4f00000)
  to   space 116224K, 0% used [0x00000000f5f00000,0x00000000f5f00000,0x00000000fd080000)
 ParOldGen       total 210432K, used 169585K [0x00000000c0000000, 0x00000000ccd80000, 0x00000000eab00000)
  object space 210432K, 80% used [0x00000000c0000000,0x00000000ca59c798,0x00000000ccd80000)
 Metaspace       used 5235K, capacity 6544K, committed 6784K, reserved 1056768K
  class space    used 499K, capacity 584K, committed 640K, reserved 1048576K
}
Event: 15.484 GC heap before
{Heap before GC invocations=19 (full 3):
 PSYoungGen      total 167936K, used 155680K [0x00000000eab00000, 0x00000000fd080000, 0x0000000100000000)
  eden space 51712K, 100% used [0x00000000eab00000,0x00000000edd80000,0x00000000edd80000)
  from space 116224K, 89% used [0x00000000edd80000,0x00000000f4308218,0x00000000f4f00000)
  to   space 116224K, 0% used [0x00000000f5f00000,0x00000000f5f00000,0x00000000fd080000)
 ParOldGen       total 210432K, used 169585K [0x00000000c0000000, 0x00000000ccd80000, 0x00000000eab00000)
  object space 210432K, 80% used [0x00000000c0000000,0x00000000ca59c798,0x00000000ccd80000)
 Metaspace       used 5235K, capacity 6544K, committed 6784K, reserved 1056768K
  class space    used 499K, capacity 584K, committed 640K, reserved 1048576K
Event: 15.925 GC heap after
Heap after GC invocations=19 (full 3):
 PSYoungGen      total 184320K, used 84518K [0x00000000eab00000, 0x00000000fd100000, 0x0000000100000000)
  eden space 68096K, 0% used [0x00000000eab00000,0x00000000eab00000,0x00000000eed80000)
  from space 116224K, 72% used [0x00000000f5f00000,0x00000000fb1899a0,0x00000000fd080000)
  to   space 116224K, 0% used [0x00000000eed80000,0x00000000eed80000,0x00000000f5f00000)
 ParOldGen       total 212992K, used 211976K [0x00000000c0000000, 0x00000000cd000000, 0x00000000eab00000)
  object space 212992K, 99% used [0x00000000c0000000,0x00000000ccf02018,0x00000000cd000000)
 Metaspace       used 5235K, capacity 6544K, committed 6784K, reserved 1056768K
  class space    used 499K, capacity 584K, committed 640K, reserved 1048576K
}
Event: 15.927 GC heap before
{Heap before GC invocations=20 (full 4):
 PSYoungGen      total 184320K, used 84518K [0x00000000eab00000, 0x00000000fd100000, 0x0000000100000000)
  eden space 68096K, 0% used [0x00000000eab00000,0x00000000eab00000,0x00000000eed80000)
  from space 116224K, 72% used [0x00000000f5f00000,0x00000000fb1899a0,0x00000000fd080000)
  to   space 116224K, 0% used [0x00000000eed80000,0x00000000eed80000,0x00000000f5f00000)
 ParOldGen       total 212992K, used 211976K [0x00000000c0000000, 0x00000000cd000000, 0x00000000eab00000)
  object space 212992K, 99% used [0x00000000c0000000,0x00000000ccf02018,0x00000000cd000000)
 Metaspace       used 5235K, capacity 6544K, committed 6784K, reserved 1056768K
  class space    used 499K, capacity 584K, committed 640K, reserved 1048576K
Event: 18.475 GC heap after
Heap after GC invocations=20 (full 4):
 PSYoungGen      total 184320K, used 80603K [0x00000000eab00000, 0x00000000fd100000, 0x0000000100000000)
  eden space 68096K, 0% used [0x00000000eab00000,0x00000000eab00000,0x00000000eed80000)
  from space 116224K, 69% used [0x00000000f5f00000,0x00000000fadb6f90,0x00000000fd080000)
  to   space 116224K, 0% used [0x00000000eed80000,0x00000000eed80000,0x00000000f5f00000)
 ParOldGen       total 329728K, used 212721K [0x00000000c0000000, 0x00000000d4200000, 0x00000000eab00000)
  object space 329728K, 64% used [0x00000000c0000000,0x00000000ccfbc460,0x00000000d4200000)
 Metaspace       used 5235K, capacity 6544K, committed 6784K, reserved 1056768K
  class space    used 499K, capacity 584K, committed 640K, reserved 1048576K
}
Event: 19.012 GC heap before
{Heap before GC invocations=21 (full 4):
 PSYoungGen      total 184320K, used 148699K [0x00000000eab00000, 0x00000000fd100000, 0x0000000100000000)
  eden space 68096K, 100% used [0x00000000eab00000,0x00000000eed80000,0x00000000eed80000)
  from space 116224K, 69% used [0x00000000f5f00000,0x00000000fadb6f90,0x00000000fd080000)
  to   space 116224K, 0% used [0x00000000eed80000,0x00000000eed80000,0x00000000f5f00000)
 ParOldGen       total 329728K, used 212721K [0x00000000c0000000, 0x00000000d4200000, 0x00000000eab00000)
  object space 329728K, 64% used [0x00000000c0000000,0x00000000ccfbc460,0x00000000d4200000)
 Metaspace       used 5334K, capacity 6544K, committed 6784K, reserved 1056768K
  class space    used 518K, capacity 584K, committed 640K, reserved 1048576K
Event: 19.541 GC heap after
Heap after GC invocations=21 (full 4):
 PSYoungGen      total 184320K, used 77714K [0x00000000eab00000, 0x00000000fde00000, 0x0000000100000000)
  eden space 68096K, 0% used [0x00000000eab00000,0x00000000eab00000,0x00000000eed80000)
  from space 116224K, 66% used [0x00000000eed80000,0x00000000f3964a60,0x00000000f5f00000)
  to   space 116224K, 0% used [0x00000000f6c80000,0x00000000f6c80000,0x00000000fde00000)
 ParOldGen       total 329728K, used 249214K [0x00000000c0000000, 0x00000000d4200000, 0x00000000eab00000)
  object space 329728K, 75% used [0x00000000c0000000,0x00000000cf35f9c0,0x00000000d4200000)
 Metaspace       used 5334K, capacity 6544K, committed 6784K, reserved 1056768K
  class space    used 518K, capacity 584K, committed 640K, reserved 1048576K
}
Event: 20.140 GC heap before
{Heap before GC invocations=22 (full 4):
 PSYoungGen      total 184320K, used 145810K [0x00000000eab00000, 0x00000000fde00000, 0x0000000100000000)
  eden space 68096K, 100% used [0x00000000eab00000,0x00000000eed80000,0x00000000eed80000)
  from space 116224K, 66% used [0x00000000eed80000,0x00000000f3964a60,0x00000000f5f00000)
  to   space 116224K, 0% used [0x00000000f6c80000,0x00000000f6c80000,0x00000000fde00000)
 ParOldGen       total 329728K, used 249214K [0x00000000c0000000, 0x00000000d4200000, 0x00000000eab00000)
  object space 329728K, 75% used [0x00000000c0000000,0x00000000cf35f9c0,0x00000000d4200000)
 Metaspace       used 5340K, capacity 6608K, committed 6784K, reserved 1056768K
  class space    used 518K, capacity 584K, committed 640K, reserved 1048576K
Event: 20.500 GC heap after
Heap after GC invocations=22 (full 4):
 PSYoungGen      total 198144K, used 66999K [0x00000000eab00000, 0x00000000fde00000, 0x0000000100000000)
  eden space 81920K, 0% used [0x00000000eab00000,0x00000000eab00000,0x00000000efb00000)
  from space 116224K, 57% used [0x00000000f6c80000,0x00000000fadedee8,0x00000000fde00000)
  to   space 116224K, 0% used [0x00000000efb00000,0x00000000efb00000,0x00000000f6c80000)
 ParOldGen       total 329728K, used 292814K [0x00000000c0000000, 0x00000000d4200000, 0x00000000eab00000)
  object space 329728K, 88% used [0x00000000c0000000,0x00000000d1df3830,0x00000000d4200000)
 Metaspace       used 5340K, capacity 6608K, committed 6784K, reserved 1056768K
  class space    used 518K, capacity 584K, committed 640K, reserved 1048576K
}
Event: 20.511 GC heap before
{Heap before GC invocations=23 (full 5):
 PSYoungGen      total 198144K, used 66999K [0x00000000eab00000, 0x00000000fde00000, 0x0000000100000000)
  eden space 81920K, 0% used [0x00000000eab00000,0x00000000eab00000,0x00000000efb00000)
  from space 116224K, 57% used [0x00000000f6c80000,0x00000000fadedee8,0x00000000fde00000)
  to   space 116224K, 0% used [0x00000000efb00000,0x00000000efb00000,0x00000000f6c80000)
 ParOldGen       total 329728K, used 292814K [0x00000000c0000000, 0x00000000d4200000, 0x00000000eab00000)
  object space 329728K, 88% used [0x00000000c0000000,0x00000000d1df3830,0x00000000d4200000)
 Metaspace       used 5340K, capacity 6608K, committed 6784K, reserved 1056768K
  class space    used 518K, capacity 584K, committed 640K, reserved 1048576K

Deoptimization events (10 events):
Event: 18.628 Thread 0x00007f2830009000 Uncommon trap: reason=unreached action=reinterpret pc=0x00007f28212536a0 method=java.util.HashMap.getNode(ILjava/lang/Object;)Ljava/util/HashMap$Node; @ 84
Event: 18.675 Thread 0x00007f2830009000 Uncommon trap: reason=null_check action=make_not_entrant pc=0x00007f28216b9034 method=com.android.dx.cf.direct.StdAttributeFactory.enclosingMethod(Lcom/android/dx/cf/direct/DirectClassFile;IILcom/android/dx/cf/iface/ParseObserver;)Lcom/android/dx/cf/iface
Event: 18.722 Thread 0x00007f2830009000 Uncommon trap: reason=bimorphic action=maybe_recompile pc=0x00007f282173ade4 method=com.android.dx.cf.code.BytecodeArray.parseInstruction(ILcom/android/dx/cf/code/BytecodeArray$Visitor;)I @ 2484
Event: 18.722 Thread 0x00007f2830009000 Uncommon trap: reason=bimorphic action=maybe_recompile pc=0x00007f282173ade4 method=com.android.dx.cf.code.BytecodeArray.parseInstruction(ILcom/android/dx/cf/code/BytecodeArray$Visitor;)I @ 2484
Event: 18.803 Thread 0x00007f2830009000 Uncommon trap: reason=unreached action=reinterpret pc=0x00007f28216f2614 method=java.util.HashMap.putVal(ILjava/lang/Object;Ljava/lang/Object;ZZ)Ljava/lang/Object; @ 109
Event: 18.981 Thread 0x00007f2830009000 Uncommon trap: reason=unreached action=reinterpret pc=0x00007f28215fced8 method=java.util.HashMap.resize()[Ljava/util/HashMap$Node; @ 206
Event: 19.641 Thread 0x00007f2830009000 Uncommon trap: reason=unreached action=reinterpret pc=0x00007f28215c7e48 method=com.android.dx.dex.file.DexFile.internIfAppropriate(Lcom/android/dx/rop/cst/Constant;)V @ 92
Event: 19.643 Thread 0x00007f2830009000 Uncommon trap: reason=unreached action=reinterpret pc=0x00007f28215af354 method=com.android.dx.dex.file.DexFile.internIfAppropriate(Lcom/android/dx/rop/cst/Constant;)V @ 92
Event: 19.912 Thread 0x00007f2830009000 Uncommon trap: reason=bimorphic action=maybe_recompile pc=0x00007f282178d7c8 method=com.android.dx.cf.code.BytecodeArray.parseInstruction(ILcom/android/dx/cf/code/BytecodeArray$Visitor;)I @ 1161
Event: 19.913 Thread 0x00007f2830009000 Uncommon trap: reason=bimorphic action=maybe_recompile pc=0x00007f282178d7c8 method=com.android.dx.cf.code.BytecodeArray.parseInstruction(ILcom/android/dx/cf/code/BytecodeArray$Visitor;)I @ 1161

Internal exceptions (10 events):
Event: 2.242 Thread 0x00007f2830009000 Exception <a 'java/security/PrivilegedActionException'> (0x00000000eadc4520) thrown at [/HUDSON/workspace/8-2-build-linux-amd64/jdk8u25/1514/hotspot/src/share/vm/prims/jvm.cpp, line 1312]
Event: 3.335 Thread 0x00007f2830009000 Exception <a 'java/security/PrivilegedActionException'> (0x00000000eba54710) thrown at [/HUDSON/workspace/8-2-build-linux-amd64/jdk8u25/1514/hotspot/src/share/vm/prims/jvm.cpp, line 1312]
Event: 3.348 Thread 0x00007f2830009000 Exception <a 'java/security/PrivilegedActionException'> (0x00000000eba59e48) thrown at [/HUDSON/workspace/8-2-build-linux-amd64/jdk8u25/1514/hotspot/src/share/vm/prims/jvm.cpp, line 1312]
Event: 7.647 Thread 0x00007f2830009000 Exception <a 'java/security/PrivilegedActionException'> (0x00000000ed5e1db8) thrown at [/HUDSON/workspace/8-2-build-linux-amd64/jdk8u25/1514/hotspot/src/share/vm/prims/jvm.cpp, line 1312]
Event: 7.870 Thread 0x00007f2830009000 Exception <a 'java/security/PrivilegedActionException'> (0x00000000eb1bd088) thrown at [/HUDSON/workspace/8-2-build-linux-amd64/jdk8u25/1514/hotspot/src/share/vm/prims/jvm.cpp, line 1312]
Event: 13.666 Thread 0x00007f2830009000 Exception <a 'java/security/PrivilegedActionException'> (0x00000000ed581dc0) thrown at [/HUDSON/workspace/8-2-build-linux-amd64/jdk8u25/1514/hotspot/src/share/vm/prims/jvm.cpp, line 1312]
Event: 18.601 Thread 0x00007f2830009000 Exception <a 'java/lang/ArrayIndexOutOfBoundsException': 18> (0x00000000eb92c418) thrown at [/HUDSON/workspace/8-2-build-linux-amd64/jdk8u25/1514/hotspot/src/share/vm/interpreter/interpreterRuntime.cpp, line 366]
Event: 18.602 Thread 0x00007f2830009000 Exception <a 'java/lang/ArrayIndexOutOfBoundsException': 145> (0x00000000eb92deb0) thrown at [/HUDSON/workspace/8-2-build-linux-amd64/jdk8u25/1514/hotspot/src/share/vm/interpreter/interpreterRuntime.cpp, line 366]
Event: 18.607 Thread 0x00007f2830009000 Exception <a 'java/lang/ArrayIndexOutOfBoundsException'> (0x00000000eb92f0c8) thrown at [/HUDSON/workspace/8-2-build-linux-amd64/jdk8u25/1514/hotspot/src/share/vm/runtime/sharedRuntime.cpp, line 604]
Event: 18.675 Thread 0x00007f2830009000 Implicit null exception at 0x00007f28216b6edb to 0x00007f28216b9025

Events (10 events):
Event: 19.913 Thread 0x00007f2830009000 DEOPT UNPACKING pc=0x00007f2821004f69 sp=0x00007f283727d9b8 mode 2
Event: 19.948 Thread 0x00007f2830009000 DEOPT PACKING pc=0x00007f282144bd11 sp=0x00007f283727e000
Event: 19.948 Thread 0x00007f2830009000 DEOPT UNPACKING pc=0x00007f2821046f73 sp=0x00007f283727ddf0 mode 0
Event: 19.961 Thread 0x00007f2830009000 DEOPT PACKING pc=0x00007f2821436d1a sp=0x00007f283727dc90
Event: 19.961 Thread 0x00007f2830009000 DEOPT UNPACKING pc=0x00007f2821046f73 sp=0x00007f283727dac0 mode 0
Event: 20.054 Thread 0x00007f2830009000 DEOPT PACKING pc=0x00007f282144bd11 sp=0x00007f283727e000
Event: 20.054 Thread 0x00007f2830009000 DEOPT UNPACKING pc=0x00007f2821046f73 sp=0x00007f283727ddf0 mode 0
Event: 20.075 Thread 0x00007f2830009000 DEOPT PACKING pc=0x00007f2821436d1a sp=0x00007f283727dc90
Event: 20.075 Thread 0x00007f2830009000 DEOPT UNPACKING pc=0x00007f2821046f73 sp=0x00007f283727dac0 mode 0
Event: 20.124 Executing VM operation: ParallelGCFailedAllocation


Dynamic libraries:
003ff000-00400000 rwxp 00000000 08:02 370479                             /nix/store/dn5b4zn4ips0f7s4x7nxfi24v9yb4h0d-oraclejdk-8u25/bin/java
00400000-00401000 r-xp 00001000 08:02 370479                             /nix/store/dn5b4zn4ips0f7s4x7nxfi24v9yb4h0d-oraclejdk-8u25/bin/java
00600000-00601000 rwxp 00001000 08:02 370479                             /nix/store/dn5b4zn4ips0f7s4x7nxfi24v9yb4h0d-oraclejdk-8u25/bin/java
017ef000-01810000 rwxp 00000000 00:00 0                                  [heap]
c0000000-d4200000 rwxp 00000000 00:00 0 
dd400000-eab00000 ---p 00000000 00:00 0 
eab00000-fde00000 rwxp 00000000 00:00 0 
fde00000-100000000 ---p 00000000 00:00 0 
100000000-1000a0000 rwxp 00000000 00:00 0 
1000a0000-140000000 ---p 00000000 00:00 0 
7f27d8000000-7f27d8021000 rwxp 00000000 00:00 0 
7f27d8021000-7f27dc000000 ---p 00000000 00:00 0 
7f27dc000000-7f27dc021000 rwxp 00000000 00:00 0 
7f27dc021000-7f27e0000000 ---p 00000000 00:00 0 
7f27e0000000-7f27e1293000 rwxp 00000000 00:00 0 
7f27e1293000-7f27e4000000 ---p 00000000 00:00 0 
7f27e4000000-7f27e4b0a000 rwxp 00000000 00:00 0 
7f27e4b0a000-7f27e8000000 ---p 00000000 00:00 0 
7f27e8000000-7f27e95eb000 rwxp 00000000 00:00 0 
7f27e95eb000-7f27ec000000 ---p 00000000 00:00 0 
7f27edad0000-7f27f3ffb000 r-xp 00000000 08:02 284027                     /nix/store/6rybdg09s0s7dq475y6bndk1kpf3h5rd-glibc-locales-2.19/lib/locale/locale-archive
7f27f4000000-7f27f4021000 rwxp 00000000 00:00 0 
7f27f4021000-7f27f8000000 ---p 00000000 00:00 0 
7f27f8000000-7f27f8021000 rwxp 00000000 00:00 0 
7f27f8021000-7f27fc000000 ---p 00000000 00:00 0 
7f27fc000000-7f27fc2f1000 rwxp 00000000 00:00 0 
7f27fc2f1000-7f2800000000 ---p 00000000 00:00 0 
7f2800000000-7f2800021000 rwxp 00000000 00:00 0 
7f2800021000-7f2804000000 ---p 00000000 00:00 0 
7f2804000000-7f2804021000 rwxp 00000000 00:00 0 
7f2804021000-7f2808000000 ---p 00000000 00:00 0 
7f280c000000-7f280c021000 rwxp 00000000 00:00 0 
7f280c021000-7f2810000000 ---p 00000000 00:00 0 
7f2814000000-7f2814021000 rwxp 00000000 00:00 0 
7f2814021000-7f2818000000 ---p 00000000 00:00 0 
7f281a000000-7f281c000000 rwxp 00000000 00:00 0 
7f281c000000-7f281c021000 rwxp 00000000 00:00 0 
7f281c021000-7f2820000000 ---p 00000000 00:00 0 
7f28207f8000-7f28207f9000 ---p 00000000 00:00 0 
7f28207f9000-7f28208f9000 rwxp 00000000 00:00 0                          [stack:9303]
7f28208f9000-7f28208fc000 ---p 00000000 00:00 0 
7f28208fc000-7f28209fa000 rwxp 00000000 00:00 0                          [stack:9302]
7f28209fa000-7f28209fd000 ---p 00000000 00:00 0 
7f28209fd000-7f2820afb000 rwxp 00000000 00:00 0                          [stack:9301]
7f2820afb000-7f2820afe000 ---p 00000000 00:00 0 
7f2820afe000-7f2820bfc000 rwxp 00000000 00:00 0                          [stack:9300]
7f2820bfc000-7f2820bff000 ---p 00000000 00:00 0 
7f2820bff000-7f2820cfd000 rwxp 00000000 00:00 0                          [stack:9299]
7f2820cfd000-7f2820d00000 ---p 00000000 00:00 0 
7f2820d00000-7f2820dfe000 rwxp 00000000 00:00 0                          [stack:9298]
7f2820dfe000-7f2820e01000 ---p 00000000 00:00 0 
7f2820e01000-7f2820eff000 rwxp 00000000 00:00 0                          [stack:9297]
7f2820eff000-7f2820f02000 ---p 00000000 00:00 0 
7f2820f02000-7f28217d0000 rwxp 00000000 00:00 0                          [stack:9296]
7f28217d0000-7f2830000000 ---p 00000000 00:00 0 
7f2830000000-7f2830449000 rwxp 00000000 00:00 0 
7f2830449000-7f2834000000 ---p 00000000 00:00 0 
7f2834020000-7f2834078000 r-xs 004f2000 08:03 2360276                    /home/volhovm/.gradle/caches/modules-2/files-2.1/org.scala-lang/scala-library/2.11.2/4718c022bd5bd84705ddacec18072c351832bc20/scala-library-2.11.2.jar
7f2834079000-7f283407a000 ---p 00000000 00:00 0 
7f283407a000-7f28350d8000 rwxp 00000000 00:00 0                          [stack:9295]
7f28350d8000-7f28352ae000 r-xs 03caa000 08:02 370870                     /nix/store/dn5b4zn4ips0f7s4x7nxfi24v9yb4h0d-oraclejdk-8u25/jre/lib/rt.jar
7f28352b5000-7f283592b000 rwxp 00000000 00:00 0 
7f283592b000-7f2835b2b000 ---p 00000000 00:00 0 
7f2835b2b000-7f2835d2b000 rwxp 00000000 00:00 0 
7f2835d2b000-7f2835d2c000 ---p 00000000 00:00 0 
7f2835d2c000-7f2835e2c000 rwxp 00000000 00:00 0                          [stack:9294]
7f2835e2c000-7f2835e2d000 ---p 00000000 00:00 0 
7f2835e2d000-7f2835f2d000 rwxp 00000000 00:00 0                          [stack:9293]
7f2835f2d000-7f2835f2e000 ---p 00000000 00:00 0 
7f2835f2e000-7f283602e000 rwxp 00000000 00:00 0                          [stack:9292]
7f283602e000-7f283602f000 ---p 00000000 00:00 0 
7f283602f000-7f28361d0000 rwxp 00000000 00:00 0                          [stack:9291]
7f28361d0000-7f2836284000 ---p 00000000 00:00 0 
7f2836284000-7f283631e000 rwxp 00000000 00:00 0 
7f283631e000-7f283632f000 ---p 00000000 00:00 0 
7f283632f000-7f2836350000 rwxp 00000000 00:00 0 
7f2836350000-7f28366f0000 ---p 00000000 00:00 0 
7f28366f0000-7f283670a000 r-xp 00000000 08:02 370643                     /nix/store/dn5b4zn4ips0f7s4x7nxfi24v9yb4h0d-oraclejdk-8u25/jre/lib/amd64/libzip.so
7f283670a000-7f283690a000 ---p 0001a000 08:02 370643                     /nix/store/dn5b4zn4ips0f7s4x7nxfi24v9yb4h0d-oraclejdk-8u25/jre/lib/amd64/libzip.so
7f283690a000-7f283690b000 rwxp 0001a000 08:02 370643                     /nix/store/dn5b4zn4ips0f7s4x7nxfi24v9yb4h0d-oraclejdk-8u25/jre/lib/amd64/libzip.so
7f283690b000-7f283690d000 rwxp 0001f000 08:02 370643                     /nix/store/dn5b4zn4ips0f7s4x7nxfi24v9yb4h0d-oraclejdk-8u25/jre/lib/amd64/libzip.so
7f2836910000-7f283691b000 r-xp 00000000 08:02 1328301                    /nix/store/i11d0d4015p0vbdnjq7lb509v9pwp049-glibc-2.19/lib/libnss_files-2.19.so
7f283691b000-7f2836b1a000 ---p 0000b000 08:02 1328301                    /nix/store/i11d0d4015p0vbdnjq7lb509v9pwp049-glibc-2.19/lib/libnss_files-2.19.so
7f2836b1a000-7f2836b1b000 r-xp 0000a000 08:02 1328301                    /nix/store/i11d0d4015p0vbdnjq7lb509v9pwp049-glibc-2.19/lib/libnss_files-2.19.so
7f2836b1b000-7f2836b1c000 rwxp 0000b000 08:02 1328301                    /nix/store/i11d0d4015p0vbdnjq7lb509v9pwp049-glibc-2.19/lib/libnss_files-2.19.so
7f2836b20000-7f2836b4a000 r-xp 00000000 08:02 370673                     /nix/store/dn5b4zn4ips0f7s4x7nxfi24v9yb4h0d-oraclejdk-8u25/jre/lib/amd64/libjava.so
7f2836b4a000-7f2836d4a000 ---p 0002a000 08:02 370673                     /nix/store/dn5b4zn4ips0f7s4x7nxfi24v9yb4h0d-oraclejdk-8u25/jre/lib/amd64/libjava.so
7f2836d4a000-7f2836d4c000 rwxp 0002a000 08:02 370673                     /nix/store/dn5b4zn4ips0f7s4x7nxfi24v9yb4h0d-oraclejdk-8u25/jre/lib/amd64/libjava.so
7f2836d4c000-7f2836d51000 rwxp 00037000 08:02 370673                     /nix/store/dn5b4zn4ips0f7s4x7nxfi24v9yb4h0d-oraclejdk-8u25/jre/lib/amd64/libjava.so
7f2836d58000-7f2836d65000 r-xp 00000000 08:02 370621                     /nix/store/dn5b4zn4ips0f7s4x7nxfi24v9yb4h0d-oraclejdk-8u25/jre/lib/amd64/libverify.so
7f2836d65000-7f2836f65000 ---p 0000d000 08:02 370621                     /nix/store/dn5b4zn4ips0f7s4x7nxfi24v9yb4h0d-oraclejdk-8u25/jre/lib/amd64/libverify.so
7f2836f65000-7f2836f67000 rwxp 0000d000 08:02 370621                     /nix/store/dn5b4zn4ips0f7s4x7nxfi24v9yb4h0d-oraclejdk-8u25/jre/lib/amd64/libverify.so
7f2836f67000-7f2836f69000 rwxp 00011000 08:02 370621                     /nix/store/dn5b4zn4ips0f7s4x7nxfi24v9yb4h0d-oraclejdk-8u25/jre/lib/amd64/libverify.so
7f2836f70000-7f2836f77000 r-xp 00000000 08:02 1328324                    /nix/store/i11d0d4015p0vbdnjq7lb509v9pwp049-glibc-2.19/lib/librt-2.19.so
7f2836f77000-7f2837176000 ---p 00007000 08:02 1328324                    /nix/store/i11d0d4015p0vbdnjq7lb509v9pwp049-glibc-2.19/lib/librt-2.19.so
7f2837176000-7f2837177000 r-xp 00006000 08:02 1328324                    /nix/store/i11d0d4015p0vbdnjq7lb509v9pwp049-glibc-2.19/lib/librt-2.19.so
7f2837177000-7f2837178000 rwxp 00007000 08:02 1328324                    /nix/store/i11d0d4015p0vbdnjq7lb509v9pwp049-glibc-2.19/lib/librt-2.19.so
7f283717f000-7f2837182000 ---p 00000000 00:00 0 
7f2837182000-7f2837280000 rwxp 00000000 00:00 0                          [stack:9290]
7f2837280000-7f2837380000 r-xp 00000000 08:02 1328282                    /nix/store/i11d0d4015p0vbdnjq7lb509v9pwp049-glibc-2.19/lib/libm-2.19.so
7f2837380000-7f283757f000 ---p 00100000 08:02 1328282                    /nix/store/i11d0d4015p0vbdnjq7lb509v9pwp049-glibc-2.19/lib/libm-2.19.so
7f283757f000-7f2837580000 r-xp 000ff000 08:02 1328282                    /nix/store/i11d0d4015p0vbdnjq7lb509v9pwp049-glibc-2.19/lib/libm-2.19.so
7f2837580000-7f2837581000 rwxp 00100000 08:02 1328282                    /nix/store/i11d0d4015p0vbdnjq7lb509v9pwp049-glibc-2.19/lib/libm-2.19.so
7f2837588000-7f28381f5000 r-xp 00000000 08:02 370637                     /nix/store/dn5b4zn4ips0f7s4x7nxfi24v9yb4h0d-oraclejdk-8u25/jre/lib/amd64/server/libjvm.so
7f28381f5000-7f28383f4000 ---p 00c6d000 08:02 370637                     /nix/store/dn5b4zn4ips0f7s4x7nxfi24v9yb4h0d-oraclejdk-8u25/jre/lib/amd64/server/libjvm.so
7f28383f4000-7f28384ca000 rwxp 00c6c000 08:02 370637                     /nix/store/dn5b4zn4ips0f7s4x7nxfi24v9yb4h0d-oraclejdk-8u25/jre/lib/amd64/server/libjvm.so
7f28384ca000-7f283850d000 rwxp 00000000 00:00 0 
7f283850d000-7f2838510000 rwxp 00fbf000 08:02 370637                     /nix/store/dn5b4zn4ips0f7s4x7nxfi24v9yb4h0d-oraclejdk-8u25/jre/lib/amd64/server/libjvm.so
7f2838510000-7f28386b3000 r-xp 00000000 08:02 1328264                    /nix/store/i11d0d4015p0vbdnjq7lb509v9pwp049-glibc-2.19/lib/libc-2.19.so
7f28386b3000-7f28388b3000 ---p 001a3000 08:02 1328264                    /nix/store/i11d0d4015p0vbdnjq7lb509v9pwp049-glibc-2.19/lib/libc-2.19.so
7f28388b3000-7f28388b7000 r-xp 001a3000 08:02 1328264                    /nix/store/i11d0d4015p0vbdnjq7lb509v9pwp049-glibc-2.19/lib/libc-2.19.so
7f28388b7000-7f28388b9000 rwxp 001a7000 08:02 1328264                    /nix/store/i11d0d4015p0vbdnjq7lb509v9pwp049-glibc-2.19/lib/libc-2.19.so
7f28388b9000-7f28388bd000 rwxp 00000000 00:00 0 
7f28388c0000-7f28388c2000 r-xp 00000000 08:02 1328276                    /nix/store/i11d0d4015p0vbdnjq7lb509v9pwp049-glibc-2.19/lib/libdl-2.19.so
7f28388c2000-7f2838ac2000 ---p 00002000 08:02 1328276                    /nix/store/i11d0d4015p0vbdnjq7lb509v9pwp049-glibc-2.19/lib/libdl-2.19.so
7f2838ac2000-7f2838ac3000 r-xp 00002000 08:02 1328276                    /nix/store/i11d0d4015p0vbdnjq7lb509v9pwp049-glibc-2.19/lib/libdl-2.19.so
7f2838ac3000-7f2838ac4000 rwxp 00003000 08:02 1328276                    /nix/store/i11d0d4015p0vbdnjq7lb509v9pwp049-glibc-2.19/lib/libdl-2.19.so
7f2838ac8000-7f2838add000 r-xp 00000000 08:02 370661                     /nix/store/dn5b4zn4ips0f7s4x7nxfi24v9yb4h0d-oraclejdk-8u25/jre/lib/amd64/jli/libjli.so
7f2838add000-7f2838cdc000 ---p 00015000 08:02 370661                     /nix/store/dn5b4zn4ips0f7s4x7nxfi24v9yb4h0d-oraclejdk-8u25/jre/lib/amd64/jli/libjli.so
7f2838cdc000-7f2838cdd000 rwxp 00014000 08:02 370661                     /nix/store/dn5b4zn4ips0f7s4x7nxfi24v9yb4h0d-oraclejdk-8u25/jre/lib/amd64/jli/libjli.so
7f2838cdd000-7f2838cdf000 rwxp 00019000 08:02 370661                     /nix/store/dn5b4zn4ips0f7s4x7nxfi24v9yb4h0d-oraclejdk-8u25/jre/lib/amd64/jli/libjli.so
7f2838ce0000-7f2838cf8000 r-xp 00000000 08:02 1328314                    /nix/store/i11d0d4015p0vbdnjq7lb509v9pwp049-glibc-2.19/lib/libpthread-2.19.so
7f2838cf8000-7f2838ef8000 ---p 00018000 08:02 1328314                    /nix/store/i11d0d4015p0vbdnjq7lb509v9pwp049-glibc-2.19/lib/libpthread-2.19.so
7f2838ef8000-7f2838ef9000 r-xp 00018000 08:02 1328314                    /nix/store/i11d0d4015p0vbdnjq7lb509v9pwp049-glibc-2.19/lib/libpthread-2.19.so
7f2838ef9000-7f2838efa000 rwxp 00019000 08:02 1328314                    /nix/store/i11d0d4015p0vbdnjq7lb509v9pwp049-glibc-2.19/lib/libpthread-2.19.so
7f2838efa000-7f2838efe000 rwxp 00000000 00:00 0 
7f2838f00000-7f2838f20000 r-xp 00000000 08:02 1328253                    /nix/store/i11d0d4015p0vbdnjq7lb509v9pwp049-glibc-2.19/lib/ld-2.19.so
7f2838f30000-7f2838f3e000 r-xs 000dc000 08:03 2492618                    /home/volhovm/programs/android-sdk-linux/build-tools/21.1.1/lib/dx.jar
7f2838f43000-7f2839053000 rwxp 00000000 00:00 0 
7f2839053000-7f2839108000 ---p 00000000 00:00 0 
7f2839108000-7f2839110000 rwxs 00000000 08:02 479272                     /tmp/hsperfdata_volhovm/9281
7f2839116000-7f2839118000 rwxp 00000000 00:00 0 
7f2839118000-7f2839119000 ---p 00000000 00:00 0 
7f2839119000-7f283911f000 rwxp 00000000 00:00 0 
7f283911f000-7f2839120000 r-xp 0001f000 08:02 1328253                    /nix/store/i11d0d4015p0vbdnjq7lb509v9pwp049-glibc-2.19/lib/ld-2.19.so
7f2839120000-7f2839121000 rwxp 00020000 08:02 1328253                    /nix/store/i11d0d4015p0vbdnjq7lb509v9pwp049-glibc-2.19/lib/ld-2.19.so
7f2839121000-7f2839122000 rwxp 00000000 00:00 0 
7fff78a63000-7fff78a85000 rwxp 00000000 00:00 0                          [stack]
7fff78c00000-7fff78c02000 r-xp 00000000 00:00 0                          [vdso]
ffffffffff600000-ffffffffff601000 r-xp 00000000 00:00 0                  [vsyscall]

VM Arguments:
jvm_args: -Xmx1024M 
java_command: /home/volhovm/programs/android-sdk-linux/build-tools/21.1.1/lib/dx.jar --dex --no-optimize --output /home/volhovm/Dropbox/Code/Android-III-2014/lesson8/app/build/intermediates/dex/debug --input-list=/home/volhovm/Dropbox/Code/Android-III-2014/lesson8/app/build/intermediates/tmp/dex/debug/inputList.txt
java_class_path (initial): /home/volhovm/programs/android-sdk-linux/build-tools/21.1.1/lib/dx.jar
Launcher Type: SUN_STANDARD

Environment Variables:
JAVA_HOME=/home/volhovm/.nix-profile/jre/..
CLASSPATH=/home/volhovm/Downloads/studio/android-studio/bin/../lib/bootstrap.jar:/home/volhovm/Downloads/studio/android-studio/bin/../lib/extensions.jar:/home/volhovm/Downloads/studio/android-studio/bin/../lib/util.jar:/home/volhovm/Downloads/studio/android-studio/bin/../lib/jdom.jar:/home/volhovm/Downloads/studio/android-studio/bin/../lib/log4j.jar:/home/volhovm/Downloads/studio/android-studio/bin/../lib/trove4j.jar:/home/volhovm/Downloads/studio/android-studio/bin/../lib/jna.jar:/home/volhovm/.nix-profile/jre/../lib/tools.jar
PATH=/home/volhovm/bin:/var/setuid-wrappers:/home/volhovm/.nix-profile/bin:/home/volhovm/.nix-profile/sbin:/home/volhovm/.nix-profile/lib/kde4/libexec:/nix/var/nix/profiles/default/bin:/nix/var/nix/profiles/default/sbin:/nix/var/nix/profiles/default/lib/kde4/libexec:/run/current-system/sw/bin:/run/current-system/sw/sbin:/run/current-system/sw/lib/kde4/libexec
LD_LIBRARY_PATH=/home/volhovm/Downloads/studio/android-studio/bin:/home/volhovm/.nix-profile/lib
SHELL=/run/current-system/sw/bin/bash
DISPLAY=:0

Signal Handlers:
SIGSEGV: [libjvm.so+0xa79a80], sa_mask[0]=11111111011111111101111111111110, sa_flags=SA_RESTART|SA_SIGINFO
SIGBUS: [libjvm.so+0xa79a80], sa_mask[0]=11111111011111111101111111111110, sa_flags=SA_RESTART|SA_SIGINFO
SIGFPE: [libjvm.so+0x8e24e0], sa_mask[0]=11111111011111111101111111111110, sa_flags=SA_RESTART|SA_SIGINFO
SIGPIPE: [libjvm.so+0x8e24e0], sa_mask[0]=11111111011111111101111111111110, sa_flags=SA_RESTART|SA_SIGINFO
SIGXFSZ: [libjvm.so+0x8e24e0], sa_mask[0]=11111111011111111101111111111110, sa_flags=SA_RESTART|SA_SIGINFO
SIGILL: [libjvm.so+0x8e24e0], sa_mask[0]=11111111011111111101111111111110, sa_flags=SA_RESTART|SA_SIGINFO
SIGUSR1: SIG_DFL, sa_mask[0]=00000000000000000000000000000000, sa_flags=none
SIGUSR2: [libjvm.so+0x8e3d10], sa_mask[0]=00100000000000000000000000000000, sa_flags=SA_RESTART|SA_SIGINFO
SIGHUP: [libjvm.so+0x8e50d0], sa_mask[0]=11111111011111111101111111111110, sa_flags=SA_RESTART|SA_SIGINFO
SIGINT: [libjvm.so+0x8e50d0], sa_mask[0]=11111111011111111101111111111110, sa_flags=SA_RESTART|SA_SIGINFO
SIGTERM: [libjvm.so+0x8e50d0], sa_mask[0]=11111111011111111101111111111110, sa_flags=SA_RESTART|SA_SIGINFO
SIGQUIT: [libjvm.so+0x8e50d0], sa_mask[0]=11111111011111111101111111111110, sa_flags=SA_RESTART|SA_SIGINFO


---------------  S Y S T E M  ---------------

OS:NAME=NixOS
ID=nixos
VERSION="14.04.572.2b0cacc (Baboon)"
VERSION_ID="14.04.572.2b0cacc"
PRETTY_NAME="NixOS 14.04.572.2b0cacc (Baboon)"
HOME_URL="http://nixos.org/"

uname:Linux 3.4.103 #1-NixOS SMP Thu Jan 1 00:00:01 UTC 1970 x86_64
libc:glibc 2.19 NPTL 2.19 
rlimit: STACK 8192k, CORE 0k, NPROC 26961, NOFILE 4096, AS infinity
load average:4.22 2.68 2.16

/proc/meminfo:
MemTotal:        3484036 kB
MemFree:           92572 kB
Buffers:            1124 kB
Cached:            42868 kB
SwapCached:        64468 kB
Active:          2245708 kB
Inactive:         860920 kB
Active(anon):    2233336 kB
Inactive(anon):   840456 kB
Active(file):      12372 kB
Inactive(file):    20464 kB
Unevictable:           0 kB
Mlocked:               0 kB
SwapTotal:       2096448 kB
SwapFree:              0 kB
Dirty:                44 kB
Writeback:             0 kB
AnonPages:       2999176 kB
Mapped:            67808 kB
Shmem:             10516 kB
Slab:              52108 kB
SReclaimable:      29668 kB
SUnreclaim:        22440 kB
KernelStack:        3376 kB
PageTables:        22708 kB
NFS_Unstable:          0 kB
Bounce:                0 kB
WritebackTmp:          0 kB
CommitLimit:     3838464 kB
Committed_AS:    6530096 kB
VmallocTotal:   34359738367 kB
VmallocUsed:      346804 kB
VmallocChunk:   34359388924 kB
AnonHugePages:         0 kB
HugePages_Total:       0
HugePages_Free:        0
HugePages_Rsvd:        0
HugePages_Surp:        0
Hugepagesize:       2048 kB
DirectMap4k:       88060 kB
DirectMap2M:     3553280 kB
DirectMap1G:           0 kB


CPU:total 4 (4 cores per cpu, 1 threads per core) family 21 model 16 stepping 1, cmov, cx8, fxsr, mmx, sse, sse2, sse3, ssse3, sse4.1, sse4.2, popcnt, avx, aes, clmul, mmxext, 3dnowpref, lzcnt, sse4a, tsc, tscinvbit, tscinv, bmi1

/proc/cpuinfo:
processor	: 0
vendor_id	: AuthenticAMD
cpu family	: 21
model		: 16
model name	: AMD A8-4555M APU with Radeon(tm) HD Graphics   
stepping	: 1
microcode	: 0x6001119
cpu MHz		: 1600.000
cache size	: 2048 KB
physical id	: 0
siblings	: 4
core id		: 0
cpu cores	: 2
apicid		: 16
initial apicid	: 0
fpu		: yes
fpu_exception	: yes
cpuid level	: 13
wp		: yes
flags		: fpu vme de pse tsc msr pae mce cx8 apic sep mtrr pge mca cmov pat pse36 clflush mmx fxsr sse sse2 ht syscall nx mmxext fxsr_opt pdpe1gb rdtscp lm constant_tsc rep_good nopl nonstop_tsc extd_apicid aperfmperf pni pclmulqdq monitor ssse3 fma cx16 sse4_1 sse4_2 popcnt aes xsave avx f16c lahf_lm cmp_legacy svm extapic cr8_legacy abm sse4a misalignsse 3dnowprefetch osvw ibs xop skinit wdt lwp fma4 tce nodeid_msr tbm topoext perfctr_core arat cpb hw_pstate npt lbrv svm_lock nrip_save tsc_scale vmcb_clean flushbyasid decodeassists pausefilter pfthreshold bmi1
bogomips	: 3194.12
TLB size	: 1536 4K pages
clflush size	: 64
cache_alignment	: 64
address sizes	: 48 bits physical, 48 bits virtual
power management: ts ttp tm 100mhzsteps hwpstate cpb eff_freq_ro

processor	: 1
vendor_id	: AuthenticAMD
cpu family	: 21
model		: 16
model name	: AMD A8-4555M APU with Radeon(tm) HD Graphics   
stepping	: 1
microcode	: 0x6001119
cpu MHz		: 1600.000
cache size	: 2048 KB
physical id	: 0
siblings	: 4
core id		: 1
cpu cores	: 2
apicid		: 17
initial apicid	: 1
fpu		: yes
fpu_exception	: yes
cpuid level	: 13
wp		: yes
flags		: fpu vme de pse tsc msr pae mce cx8 apic sep mtrr pge mca cmov pat pse36 clflush mmx fxsr sse sse2 ht syscall nx mmxext fxsr_opt pdpe1gb rdtscp lm constant_tsc rep_good nopl nonstop_tsc extd_apicid aperfmperf pni pclmulqdq monitor ssse3 fma cx16 sse4_1 sse4_2 popcnt aes xsave avx f16c lahf_lm cmp_legacy svm extapic cr8_legacy abm sse4a misalignsse 3dnowprefetch osvw ibs xop skinit wdt lwp fma4 tce nodeid_msr tbm topoext perfctr_core arat cpb hw_pstate npt lbrv svm_lock nrip_save tsc_scale vmcb_clean flushbyasid decodeassists pausefilter pfthreshold bmi1
bogomips	: 3194.12
TLB size	: 1536 4K pages
clflush size	: 64
cache_alignment	: 64
address sizes	: 48 bits physical, 48 bits virtual
power management: ts ttp tm 100mhzsteps hwpstate cpb eff_freq_ro

processor	: 2
vendor_id	: AuthenticAMD
cpu family	: 21
model		: 16
model name	: AMD A8-4555M APU with Radeon(tm) HD Graphics   
stepping	: 1
microcode	: 0x6001119
cpu MHz		: 1600.000
cache size	: 2048 KB
physical id	: 0
siblings	: 4
core id		: 2
cpu cores	: 2
apicid		: 18
initial apicid	: 2
fpu		: yes
fpu_exception	: yes
cpuid level	: 13
wp		: yes
flags		: fpu vme de pse tsc msr pae mce cx8 apic sep mtrr pge mca cmov pat pse36 clflush mmx fxsr sse sse2 ht syscall nx mmxext fxsr_opt pdpe1gb rdtscp lm constant_tsc rep_good nopl nonstop_tsc extd_apicid aperfmperf pni pclmulqdq monitor ssse3 fma cx16 sse4_1 sse4_2 popcnt aes xsave avx f16c lahf_lm cmp_legacy svm extapic cr8_legacy abm sse4a misalignsse 3dnowprefetch osvw ibs xop skinit wdt lwp fma4 tce nodeid_msr tbm topoext perfctr_core arat cpb hw_pstate npt lbrv svm_lock nrip_save tsc_scale vmcb_clean flushbyasid decodeassists pausefilter pfthreshold bmi1
bogomips	: 3194.12
TLB size	: 1536 4K pages
clflush size	: 64
cache_alignment	: 64
address sizes	: 48 bits physical, 48 bits virtual
power management: ts ttp tm 100mhzsteps hwpstate cpb eff_freq_ro

processor	: 3
vendor_id	: AuthenticAMD
cpu family	: 21
model		: 16
model name	: AMD A8-4555M APU with Radeon(tm) HD Graphics   
stepping	: 1
microcode	: 0x6001119
cpu MHz		: 1600.000
cache size	: 2048 KB
physical id	: 0
siblings	: 4
core id		: 3
cpu cores	: 2
apicid		: 19
initial apicid	: 3
fpu		: yes
fpu_exception	: yes
cpuid level	: 13
wp		: yes
flags		: fpu vme de pse tsc msr pae mce cx8 apic sep mtrr pge mca cmov pat pse36 clflush mmx fxsr sse sse2 ht syscall nx mmxext fxsr_opt pdpe1gb rdtscp lm constant_tsc rep_good nopl nonstop_tsc extd_apicid aperfmperf pni pclmulqdq monitor ssse3 fma cx16 sse4_1 sse4_2 popcnt aes xsave avx f16c lahf_lm cmp_legacy svm extapic cr8_legacy abm sse4a misalignsse 3dnowprefetch osvw ibs xop skinit wdt lwp fma4 tce nodeid_msr tbm topoext perfctr_core arat cpb hw_pstate npt lbrv svm_lock nrip_save tsc_scale vmcb_clean flushbyasid decodeassists pausefilter pfthreshold bmi1
bogomips	: 3194.12
TLB size	: 1536 4K pages
clflush size	: 64
cache_alignment	: 64
address sizes	: 48 bits physical, 48 bits virtual
power management: ts ttp tm 100mhzsteps hwpstate cpb eff_freq_ro



Memory: 4k page, physical 3484036k(92200k free), swap 2096448k(0k free)

vm_info: Java HotSpot(TM) 64-Bit Server VM (25.25-b02) for linux-amd64 JRE (1.8.0_25-b17), built on Sep 17 2014 17:32:11 by "java_re" with gcc 4.3.0 20080428 (Red Hat 4.3.0-8)

time: Tue Dec  2 08:47:27 2014
elapsed time: 25 seconds (0d 0h 0m 25s)

